<?xml version="1.0" encoding="UTF-8"?>
<robot generator="Robot 7.0 (Python 3.8.1 on darwin)" generated="2024-09-01T23:11:30.442591" rpa="false" schemaversion="5">
<suite id="s1" name="Suites">
<suite id="s1-s1" name="TC05 Basic Auth" source="/Users/vinodjoel/Documents/APIAutomation/Testcases/TC05_Basic_Auth.robot">
<test id="s1-s1-t1" name="Basic_Authentication" line="11">
<kw name="Create List" owner="BuiltIn">
<msg time="2024-09-01T23:11:30.508159" level="INFO">${auth} = ['postman', 'password']</msg>
<var>${auth}</var>
<arg>postman</arg>
<arg>password</arg>
<doc>Returns a list containing given items.</doc>
<status status="PASS" start="2024-09-01T23:11:30.507967" elapsed="0.000219"/>
</kw>
<kw name="Create Session" owner="RequestsLibrary">
<msg time="2024-09-01T23:11:30.508786" level="INFO">Creating Session using : alias=mysession, url=https://postman-echo.com, headers={},                     cookies={}, auth=&lt;requests.auth.HTTPBasicAuth object at 0x7fd4d8a13a90&gt;, timeout=None, proxies=None, verify=False,                     debug=0 </msg>
<arg>mysession</arg>
<arg>${base_url}</arg>
<arg>auth=${auth}</arg>
<doc>Create Session: create a HTTP session to a server</doc>
<status status="PASS" start="2024-09-01T23:11:30.508570" elapsed="0.000349"/>
</kw>
<kw name="Get Request" owner="RequestsLibrary">
<msg time="2024-09-01T23:11:30.509057" level="WARN">Keyword 'RequestsLibrary.Get Request' is deprecated. Please use `GET On Session` instead.</msg>
<msg time="2024-09-01T23:11:31.406628" level="INFO">GET Request : url=https://postman-echo.com/basic-auth 
 path_url=/basic-auth 
 headers={'User-Agent': 'python-requests/2.32.3', 'Accept-Encoding': 'gzip, deflate', 'Accept': '*/*', 'Connection': 'keep-alive', 'Authorization': 'Basic cG9zdG1hbjpwYXNzd29yZA=='} 
 body=None 
 </msg>
<msg time="2024-09-01T23:11:31.406733" level="INFO">GET Response : url=https://postman-echo.com/basic-auth 
 status=200, reason=OK 
 headers={'Date': 'Sun, 01 Sep 2024 17:41:31 GMT', 'Content-Type': 'application/json; charset=utf-8', 'Content-Length': '27', 'Connection': 'keep-alive', 'Server': 'nginx/1.25.3', 'ETag': 'W/"1b-o64KRFi1Uw+73hnrS1UFKUVInOY"', 'set-cookie': 'sails.sid=s%3ATlVgjCyMlaNScW0Gd4CdKYnN3SuVZYqN.ZCcLHVWeoEIhthDGGQ7wNxwQPGMxbupTndqaFDkcjYw; Path=/; HttpOnly'} 
 body={
  "authenticated": true
} 
 </msg>
<msg time="2024-09-01T23:11:31.406814" level="INFO">/Library/Frameworks/Python.framework/Versions/3.8/lib/python3.8/site-packages/urllib3/connectionpool.py:1103: InsecureRequestWarning: Unverified HTTPS request is being made to host 'postman-echo.com'. Adding certificate verification is strongly advised. See: https://urllib3.readthedocs.io/en/latest/advanced-usage.html#tls-warnings
  warnings.warn(</msg>
<msg time="2024-09-01T23:11:31.406907" level="INFO">${response} = &lt;Response [200]&gt;</msg>
<var>${response}</var>
<arg>mysession</arg>
<arg>${URI}</arg>
<doc>*DEPRECATED* Please use `GET On Session` instead.</doc>
<status status="PASS" start="2024-09-01T23:11:30.509024" elapsed="0.897905"/>
</kw>
<kw name="Log To Console" owner="BuiltIn">
<arg>${response.content}</arg>
<doc>Logs the given message to the console.</doc>
<status status="PASS" start="2024-09-01T23:11:31.407089" elapsed="0.000626"/>
</kw>
<kw name="Should Be Equal As Strings" owner="BuiltIn">
<msg time="2024-09-01T23:11:31.408177" level="INFO">Argument types are:
&lt;class 'int'&gt;
&lt;class 'str'&gt;</msg>
<arg>${response.status_code}</arg>
<arg>200</arg>
<doc>Fails if objects are unequal after converting them to strings.</doc>
<status status="PASS" start="2024-09-01T23:11:31.407818" elapsed="0.000400"/>
</kw>
<status status="PASS" start="2024-09-01T23:11:30.507332" elapsed="0.900987"/>
</test>
<status status="PASS" start="2024-09-01T23:11:30.458640" elapsed="0.949991"/>
</suite>
<status status="PASS" start="2024-09-01T23:11:30.446874" elapsed="0.962141"/>
</suite>
<statistics>
<total>
<stat pass="1" fail="0" skip="0">All Tests</stat>
</total>
<tag>
</tag>
<suite>
<stat pass="1" fail="0" skip="0" id="s1" name="Suites">Suites</stat>
<stat pass="1" fail="0" skip="0" id="s1-s1" name="TC05 Basic Auth">Suites.TC05 Basic Auth</stat>
</suite>
</statistics>
<errors>
<msg time="2024-09-01T23:11:30.509057" level="WARN">Keyword 'RequestsLibrary.Get Request' is deprecated. Please use `GET On Session` instead.</msg>
</errors>
</robot>
