<?xml version="1.0" encoding="UTF-8"?>
<robot generator="Robot 7.0 (Python 3.8.1 on darwin)" generated="2024-09-01T23:39:26.709030" rpa="false" schemaversion="5">
<suite id="s1" name="TC07 API token" source="/Users/vinodjoel/Documents/APIAutomation/TestCases/TC07_API_token.robot">
<test id="s1-t1" name="Google_Maps_PlacesAPI" line="17">
<kw name="Create Session" owner="RequestsLibrary">
<msg time="2024-09-01T23:39:26.774793" level="INFO">Creating Session using : alias=mysession, url=https://places.googleapis.com, headers={},                     cookies={}, auth=None, timeout=None, proxies=None, verify=False,                     debug=0 </msg>
<arg>mysession</arg>
<arg>${base_url}</arg>
<doc>Create Session: create a HTTP session to a server</doc>
<status status="PASS" start="2024-09-01T23:39:26.774642" elapsed="0.000293"/>
</kw>
<kw name="Create Dictionary" owner="BuiltIn">
<msg time="2024-09-01T23:39:26.775532" level="INFO">${params} = {'fields': 'id,displayName', 'key': 'AIzaSyAPn-hZBBiDlwYUHy8VpDXkxxxPY2UzJBo'}</msg>
<var>${params}</var>
<arg>fields=id,displayName</arg>
<arg>key=${Api_token}</arg>
<doc>Creates and returns a dictionary based on the given ``items``.</doc>
<status status="PASS" start="2024-09-01T23:39:26.775314" elapsed="0.000235"/>
</kw>
<kw name="GET On Session" owner="RequestsLibrary">
<msg time="2024-09-01T23:39:27.498036" level="INFO">GET Request : url=https://places.googleapis.com/v1/places/ChIJj61dQgK6j4AR4GeTYWZsKWw?fields=id%2CdisplayName&amp;key=AIzaSyAPn-hZBBiDlwYUHy8VpDXkxxxPY2UzJBo 
 path_url=/v1/places/ChIJj61dQgK6j4AR4GeTYWZsKWw?fields=id%2CdisplayName&amp;key=AIzaSyAPn-hZBBiDlwYUHy8VpDXkxxxPY2UzJBo 
 headers={'User-Agent': 'python-requests/2.32.3', 'Accept-Encoding': 'gzip, deflate', 'Accept': '*/*', 'Connection': 'keep-alive'} 
 body=None 
 </msg>
<msg time="2024-09-01T23:39:27.498375" level="INFO">GET Response : url=https://places.googleapis.com/v1/places/ChIJj61dQgK6j4AR4GeTYWZsKWw?fields=id%2CdisplayName&amp;key=AIzaSyAPn-hZBBiDlwYUHy8VpDXkxxxPY2UzJBo 
 status=403, reason=Forbidden 
 headers={'Vary': 'Origin, X-Origin, Referer', 'Content-Type': 'application/json; charset=UTF-8', 'Content-Encoding': 'gzip', 'Date': 'Sun, 01 Sep 2024 18:09:27 GMT', 'Server': 'scaffolding on HTTPServer2', 'Cache-Control': 'private', 'X-XSS-Protection': '0', 'X-Frame-Options': 'SAMEORIGIN', 'X-Content-Type-Options': 'nosniff', 'Alt-Svc': 'h3=":443"; ma=2592000,h3-29=":443"; ma=2592000', 'Transfer-Encoding': 'chunked'} 
 body={
  "error": {
    "code": 403,
    "message": "This API method requires billing to be enabled. Please enable billing on project #706423408864 by visiting https://console.developers.google.com/billing/enable?project=706423408864 then retry. If you enabled billing for this project recently, wait a few minutes for the action to propagate to our systems and retry.",
    "status": "PERMISSION_DENIED",
    "details": [
      {
        "@type": "type.googleapis.com/google.rpc.Help",
        "links": [
          {
            "description": "Google developers console billing",
            "url": "https://console.developers.google.com/billing/enable?project=706423408864"
          }
        ]
      },
      {
        "@type": "type.googleapis.com/google.rpc.ErrorInfo",
        "reason": "BILLING_DISABLED",
        "domain": "googleapis.com",
        "metadata": {
          "service": "places.googleapis.com",
          "consumer": "projects/706423408864"
        }
      }
    ]
  }
}
 
 </msg>
<msg time="2024-09-01T23:39:27.498755" level="INFO">/Library/Frameworks/Python.framework/Versions/3.8/lib/python3.8/site-packages/urllib3/connectionpool.py:1103: InsecureRequestWarning: Unverified HTTPS request is being made to host 'places.googleapis.com'. Adding certificate verification is strongly advised. See: https://urllib3.readthedocs.io/en/latest/advanced-usage.html#tls-warnings
  warnings.warn(</msg>
<msg time="2024-09-01T23:39:27.499069" level="FAIL">HTTPError: 403 Client Error: Forbidden for url: https://places.googleapis.com/v1/places/ChIJj61dQgK6j4AR4GeTYWZsKWw?fields=id%2CdisplayName&amp;key=AIzaSyAPn-hZBBiDlwYUHy8VpDXkxxxPY2UzJBo</msg>
<var>${response}</var>
<arg>mysession</arg>
<arg>${request_uri}</arg>
<arg>params=${params}</arg>
<doc>Sends a GET request on a previously created HTTP Session.</doc>
<status status="FAIL" start="2024-09-01T23:39:26.775656" elapsed="0.728052">HTTPError: 403 Client Error: Forbidden for url: https://places.googleapis.com/v1/places/ChIJj61dQgK6j4AR4GeTYWZsKWw?fields=id%2CdisplayName&amp;key=AIzaSyAPn-hZBBiDlwYUHy8VpDXkxxxPY2UzJBo</status>
</kw>
<kw name="Log To Console" owner="BuiltIn">
<arg>${response.status_code}</arg>
<doc>Logs the given message to the console.</doc>
<status status="NOT RUN" start="2024-09-01T23:39:27.504289" elapsed="0.000051"/>
</kw>
<kw name="Log To Console" owner="BuiltIn">
<arg>${response.content}</arg>
<doc>Logs the given message to the console.</doc>
<status status="NOT RUN" start="2024-09-01T23:39:27.504579" elapsed="0.000028"/>
</kw>
<status status="FAIL" start="2024-09-01T23:39:26.774038" elapsed="0.730966">HTTPError: 403 Client Error: Forbidden for url: https://places.googleapis.com/v1/places/ChIJj61dQgK6j4AR4GeTYWZsKWw?fields=id%2CdisplayName&amp;key=AIzaSyAPn-hZBBiDlwYUHy8VpDXkxxxPY2UzJBo</status>
</test>
<status status="FAIL" start="2024-09-01T23:39:26.709936" elapsed="0.795946"/>
</suite>
<statistics>
<total>
<stat pass="0" fail="1" skip="0">All Tests</stat>
</total>
<tag>
</tag>
<suite>
<stat pass="0" fail="1" skip="0" id="s1" name="TC07 API token">TC07 API token</stat>
</suite>
</statistics>
<errors>
</errors>
</robot>
