<?xml version="1.0" encoding="UTF-8"?>
<robot generator="Robot 7.0 (Python 3.8.1 on darwin)" generated="2024-08-24T23:28:45.606900" rpa="false" schemaversion="5">
<suite id="s1" name="TC02 POST request" source="/Users/vinodjoel/Documents/APIAutomation/TestCases/TC02_POST_request.robot">
<test id="s1-t1" name="Post_User_Details" line="17">
<kw name="Create Session" owner="RequestsLibrary">
<msg time="2024-08-24T23:28:45.692996" level="INFO">Creating Session using : alias=mypost_session, url=https://reqres.in, headers={},                     cookies={}, auth=None, timeout=None, proxies=None, verify=False,                     debug=0 </msg>
<arg>mypost_session</arg>
<arg>${base_url}</arg>
<doc>Create Session: create a HTTP session to a server</doc>
<status status="PASS" start="2024-08-24T23:28:45.692855" elapsed="0.000281"/>
</kw>
<kw name="Create Dictionary" owner="BuiltIn">
<msg time="2024-08-24T23:28:45.693955" level="INFO">${body} = {'name': 'vinodzzz', 'job': 'captain'}</msg>
<var>${body}</var>
<arg>name=vinodzzz</arg>
<arg>job=captain</arg>
<doc>Creates and returns a dictionary based on the given ``items``.</doc>
<status status="PASS" start="2024-08-24T23:28:45.693735" elapsed="0.000239"/>
</kw>
<kw name="Create Dictionary" owner="BuiltIn">
<msg time="2024-08-24T23:28:45.694205" level="INFO">${header} = {'Content-Type': 'application/json; charset=utf-8'}</msg>
<var>${header}</var>
<arg>Content-Type=application/json; charset=utf-8</arg>
<doc>Creates and returns a dictionary based on the given ``items``.</doc>
<status status="PASS" start="2024-08-24T23:28:45.694087" elapsed="0.000134"/>
</kw>
<kw name="Post Request" owner="RequestsLibrary">
<msg time="2024-08-24T23:28:45.694330" level="WARN">Keyword 'RequestsLibrary.Post Request' is deprecated. Please use `POST On Session` instead.</msg>
<msg time="2024-08-24T23:28:46.152843" level="INFO">POST Request : url=https://reqres.in/api/users 
 path_url=/api/users 
 headers={'User-Agent': 'python-requests/2.32.3', 'Accept-Encoding': 'gzip, deflate', 'Accept': '*/*', 'Connection': 'keep-alive', 'Content-Type': 'application/json; charset=utf-8', 'Content-Length': '38'} 
 body={"name": "vinodzzz", "job": "captain"} 
 </msg>
<msg time="2024-08-24T23:28:46.153228" level="INFO">POST Response : url=https://reqres.in/api/users 
 status=201, reason=Created 
 headers={'Date': 'Sat, 24 Aug 2024 17:58:46 GMT', 'Content-Type': 'application/json; charset=utf-8', 'Content-Length': '85', 'Connection': 'keep-alive', 'Report-To': '{"group":"heroku-nel","max_age":3600,"endpoints":[{"url":"https://nel.heroku.com/reports?ts=1724522326&amp;sid=c4c9725f-1ab0-44d8-820f-430df2718e11&amp;s=geseRE0fj35t4PwDKY6mLz5azD%2Fx1%2B9gvx8rWqELSXc%3D"}]}', 'Reporting-Endpoints': 'heroku-nel=https://nel.heroku.com/reports?ts=1724522326&amp;sid=c4c9725f-1ab0-44d8-820f-430df2718e11&amp;s=geseRE0fj35t4PwDKY6mLz5azD%2Fx1%2B9gvx8rWqELSXc%3D', 'Nel': '{"report_to":"heroku-nel","max_age":3600,"success_fraction":0.005,"failure_fraction":0.05,"response_headers":["Via"]}', 'X-Powered-By': 'Express', 'Access-Control-Allow-Origin': '*', 'Etag': 'W/"55-rZEsbpMyHJbGH1tUEGwx2UOgI/o"', 'Via': '1.1 vegur', 'CF-Cache-Status': 'DYNAMIC', 'Server': 'cloudflare', 'CF-RAY': '8b853b780d85b2bb-BLR'} 
 body={"name":"vinodzzz","job":"captain","id":"441","createdAt":"2024-08-24T17:58:46.074Z"} 
 </msg>
<msg time="2024-08-24T23:28:46.153590" level="INFO">/Library/Frameworks/Python.framework/Versions/3.8/lib/python3.8/site-packages/urllib3/connectionpool.py:1103: InsecureRequestWarning: Unverified HTTPS request is being made to host 'reqres.in'. Adding certificate verification is strongly advised. See: https://urllib3.readthedocs.io/en/latest/advanced-usage.html#tls-warnings
  warnings.warn(</msg>
<msg time="2024-08-24T23:28:46.154043" level="INFO">${response} = &lt;Response [201]&gt;</msg>
<var>${response}</var>
<arg>mypost_session</arg>
<arg>${user}</arg>
<arg>data=${body}</arg>
<arg>headers=${header}</arg>
<doc>*DEPRECATED* Please use `POST On Session` instead.</doc>
<status status="PASS" start="2024-08-24T23:28:45.694316" elapsed="0.459806"/>
</kw>
<kw name="Log To Console" owner="BuiltIn">
<arg>${response.status_code}</arg>
<doc>Logs the given message to the console.</doc>
<status status="PASS" start="2024-08-24T23:28:46.154974" elapsed="0.002024"/>
</kw>
<kw name="Log To Console" owner="BuiltIn">
<arg>${response.content}</arg>
<doc>Logs the given message to the console.</doc>
<status status="PASS" start="2024-08-24T23:28:46.157399" elapsed="0.001566"/>
</kw>
<kw name="Convert To String" owner="BuiltIn">
<msg time="2024-08-24T23:28:46.160376" level="INFO">${status_code} = 201</msg>
<var>${status_code}</var>
<arg>${response.status_code}</arg>
<doc>Converts the given item to a Unicode string.</doc>
<status status="PASS" start="2024-08-24T23:28:46.159372" elapsed="0.001054"/>
</kw>
<kw name="Should Be Equal" owner="BuiltIn">
<arg>${status_code}</arg>
<arg>201</arg>
<doc>Fails if the given objects are unequal.</doc>
<status status="PASS" start="2024-08-24T23:28:46.160716" elapsed="0.000334"/>
</kw>
<kw name="Convert To String" owner="BuiltIn">
<msg time="2024-08-24T23:28:46.162251" level="INFO">${title} = {"name":"vinodzzz","job":"captain","id":"441","createdAt":"2024-08-24T17:58:46.074Z"}</msg>
<var>${title}</var>
<arg>${response.content}</arg>
<doc>Converts the given item to a Unicode string.</doc>
<status status="PASS" start="2024-08-24T23:28:46.161306" elapsed="0.000982"/>
</kw>
<kw name="Should Contain" owner="BuiltIn">
<arg>${title}</arg>
<arg>captain</arg>
<doc>Fails if ``container`` does not contain ``item`` one or more times.</doc>
<status status="PASS" start="2024-08-24T23:28:46.162497" elapsed="0.000219"/>
</kw>
<kw name="Should Contain" owner="BuiltIn">
<arg>${title}</arg>
<arg>vinodzzz</arg>
<doc>Fails if ``container`` does not contain ``item`` one or more times.</doc>
<status status="PASS" start="2024-08-24T23:28:46.162918" elapsed="0.000207"/>
</kw>
<status status="PASS" start="2024-08-24T23:28:45.692282" elapsed="0.471105"/>
</test>
<status status="PASS" start="2024-08-24T23:28:45.607879" elapsed="0.556308"/>
</suite>
<statistics>
<total>
<stat pass="1" fail="0" skip="0">All Tests</stat>
</total>
<tag>
</tag>
<suite>
<stat pass="1" fail="0" skip="0" id="s1" name="TC02 POST request">TC02 POST request</stat>
</suite>
</statistics>
<errors>
<msg time="2024-08-24T23:28:45.694330" level="WARN">Keyword 'RequestsLibrary.Post Request' is deprecated. Please use `POST On Session` instead.</msg>
</errors>
</robot>
