<?xml version="1.0" encoding="UTF-8"?>
<robot generator="Robot 7.0 (Python 3.8.1 on darwin)" generated="2024-09-01T23:11:31.699167" rpa="false" schemaversion="5">
<suite id="s1" name="Suites">
<suite id="s1-s1" name="TC07 API token" source="/Users/vinodjoel/Documents/APIAutomation/Testcases/TC07_API_token.robot">
<test id="s1-s1-t1" name="Google_Maps_PlacesAPI" line="17">
<kw name="Create Session" owner="RequestsLibrary">
<msg time="2024-09-01T23:11:31.767681" level="INFO">Creating Session using : alias=mysession, url=https://places.googleapis.com, headers={},                     cookies={}, auth=None, timeout=None, proxies=None, verify=False,                     debug=0 </msg>
<arg>mysession</arg>
<arg>${base_url}</arg>
<doc>Create Session: create a HTTP session to a server</doc>
<status status="PASS" start="2024-09-01T23:11:31.767497" elapsed="0.000901"/>
</kw>
<kw name="Create Dictionary" owner="BuiltIn">
<msg time="2024-09-01T23:11:31.769619" level="FAIL">Variable '${Api_token}' not found.</msg>
<var>${params}</var>
<arg>fields=id,displayName</arg>
<arg>key=${Api_token}</arg>
<doc>Creates and returns a dictionary based on the given ``items``.</doc>
<status status="FAIL" start="2024-09-01T23:11:31.768817" elapsed="0.000834">Variable '${Api_token}' not found.</status>
</kw>
<kw name="GET On Session" owner="RequestsLibrary">
<var>${response}</var>
<arg>mysession</arg>
<arg>${request_uri}</arg>
<arg>params=${params}</arg>
<doc>Sends a GET request on a previously created HTTP Session.</doc>
<status status="NOT RUN" start="2024-09-01T23:11:31.770221" elapsed="0.000038"/>
</kw>
<kw name="Log To Console" owner="BuiltIn">
<arg>${response.status_code}</arg>
<doc>Logs the given message to the console.</doc>
<status status="NOT RUN" start="2024-09-01T23:11:31.770357" elapsed="0.000030"/>
</kw>
<kw name="Log To Console" owner="BuiltIn">
<arg>${response.content}</arg>
<doc>Logs the given message to the console.</doc>
<status status="NOT RUN" start="2024-09-01T23:11:31.770465" elapsed="0.000027"/>
</kw>
<status status="FAIL" start="2024-09-01T23:11:31.766854" elapsed="0.003754">Variable '${Api_token}' not found.</status>
</test>
<status status="FAIL" start="2024-09-01T23:11:31.714125" elapsed="0.056802"/>
</suite>
<status status="FAIL" start="2024-09-01T23:11:31.703252" elapsed="0.068065"/>
</suite>
<statistics>
<total>
<stat pass="0" fail="1" skip="0">All Tests</stat>
</total>
<tag>
</tag>
<suite>
<stat pass="0" fail="1" skip="0" id="s1" name="Suites">Suites</stat>
<stat pass="0" fail="1" skip="0" id="s1-s1" name="TC07 API token">Suites.TC07 API token</stat>
</suite>
</statistics>
<errors>
<msg time="2024-09-01T23:11:31.766404" level="ERROR">Error in file '/Users/vinodjoel/Documents/APIAutomation/Testcases/TC07_API_token.robot' on line 10: Error in file '/Users/vinodjoel/Documents/APIAutomation/TestCases/Credentials.robot' on line 4: Resource file with 'Test Cases' section is invalid.</msg>
</errors>
</robot>
