<?xml version="1.0" encoding="UTF-8"?>
<robot generator="Robot 7.0 (Python 3.8.1 on darwin)" generated="2024-09-01T23:11:28.822883" rpa="false" schemaversion="5">
<suite id="s1" name="Suites">
<suite id="s1-s1" name="TC03 Sanity" source="/Users/vinodjoel/Documents/APIAutomation/Testcases/TC03_Sanity.robot">
<test id="s1-s1-t1" name="get request Test title" line="18">
<kw name="Create Session" owner="RequestsLibrary">
<msg time="2024-09-01T23:11:28.955297" level="INFO">Creating Session using : alias=session1, url=https://reqres.in, headers={},                     cookies={}, auth=None, timeout=None, proxies=None, verify=False,                     debug=0 </msg>
<arg>session1</arg>
<arg>${base_url}</arg>
<arg>disable_warnings=1</arg>
<doc>Create Session: create a HTTP session to a server</doc>
<status status="PASS" start="2024-09-01T23:11:28.954998" elapsed="0.000563"/>
</kw>
<kw name="Set Variable" owner="BuiltIn">
<msg time="2024-09-01T23:11:28.956097" level="INFO">${endpoint} = /api/users?page=2</msg>
<var>${endpoint}</var>
<arg>/api/users?page=2</arg>
<doc>Returns the given values which can then be assigned to a variables.</doc>
<status status="PASS" start="2024-09-01T23:11:28.955969" elapsed="0.000148"/>
</kw>
<kw name="GET On Session" owner="RequestsLibrary">
<msg time="2024-09-01T23:11:29.055411" level="INFO">GET Request : url=https://reqres.in/api/users?page=2 
 path_url=/api/users?page=2 
 headers={'User-Agent': 'python-requests/2.32.3', 'Accept-Encoding': 'gzip, deflate', 'Accept': '*/*', 'Connection': 'keep-alive'} 
 body=None 
 </msg>
<msg time="2024-09-01T23:11:29.055526" level="INFO">GET Response : url=https://reqres.in/api/users?page=2 
 status=200, reason=OK 
 headers={'Date': 'Sun, 01 Sep 2024 17:41:29 GMT', 'Content-Type': 'application/json; charset=utf-8', 'Transfer-Encoding': 'chunked', 'Connection': 'keep-alive', 'Report-To': '{"group":"heroku-nel","max_age":3600,"endpoints":[{"url":"https://nel.heroku.com/reports?ts=1724934336&amp;sid=c4c9725f-1ab0-44d8-820f-430df2718e11&amp;s=FNYoUGuSNTCe51VClN3XeAXNp8llRLNgxJ0c%2B7vvtpo%3D"}]}', 'Reporting-Endpoints': 'heroku-nel=https://nel.heroku.com/reports?ts=1724934336&amp;sid=c4c9725f-1ab0-44d8-820f-430df2718e11&amp;s=FNYoUGuSNTCe51VClN3XeAXNp8llRLNgxJ0c%2B7vvtpo%3D', 'Nel': '{"report_to":"heroku-nel","max_age":3600,"success_fraction":0.005,"failure_fraction":0.05,"response_headers":["Via"]}', 'X-Powered-By': 'Express', 'Access-Control-Allow-Origin': '*', 'Etag': 'W/"406-ut0vzoCuidvyMf8arZpMpJ6ZRDw"', 'Via': '1.1 vegur', 'Cache-Control': 'max-age=14400', 'CF-Cache-Status': 'HIT', 'Age': '6209', 'Vary': 'Accept-Encoding', 'Server': 'cloudflare', 'CF-RAY': '8bc70d28ded23ba9-BOM', 'Content-Encoding': 'gzip'} 
 body={"page":2,"per_page":6,"total":12,"total_pages":2,"data":[{"id":7,"email":"michael.lawson@reqres.in","first_name":"Michael","last_name":"Lawson","avatar":"https://reqres.in/img/faces/7-image.jpg"},{"id":8,"email":"lindsay.ferguson@reqres.in","first_name":"Lindsay","last_name":"Ferguson","avatar":"https://reqres.in/img/faces/8-image.jpg"},{"id":9,"email":"tobias.funke@reqres.in","first_name":"Tobias","last_name":"Funke","avatar":"https://reqres.in/img/faces/9-image.jpg"},{"id":10,"email":"byron.fields@reqres.in","first_name":"Byron","last_name":"Fields","avatar":"https://reqres.in/img/faces/10-image.jpg"},{"id":11,"email":"george.edwards@reqres.in","first_name":"George","last_name":"Edwards","avatar":"https://reqres.in/img/faces/11-image.jpg"},{"id":12,"email":"rachel.howell@reqres.in","first_name":"Rachel","last_name":"Howell","avatar":"https://reqres.in/img/faces/12-image.jpg"}],"support":{"url":"https://reqres.in/#support-heading","text":"To keep ReqRes free, contributions towards server costs are appreciated!"}} 
 </msg>
<msg time="2024-09-01T23:11:29.055658" level="INFO">${response} = &lt;Response [200]&gt;</msg>
<var>${response}</var>
<arg>session1</arg>
<arg>${endpoint}</arg>
<doc>Sends a GET request on a previously created HTTP Session.</doc>
<status status="PASS" start="2024-09-01T23:11:28.956215" elapsed="0.099472"/>
</kw>
<kw name="Log To Console" owner="BuiltIn">
<arg>${response.status_code}</arg>
<doc>Logs the given message to the console.</doc>
<status status="PASS" start="2024-09-01T23:11:29.055887" elapsed="0.000969"/>
</kw>
<kw name="Log To Console" owner="BuiltIn">
<arg>${response.content}</arg>
<doc>Logs the given message to the console.</doc>
<status status="PASS" start="2024-09-01T23:11:29.057017" elapsed="0.000583"/>
</kw>
<kw name="Log To Console" owner="BuiltIn">
<arg>${response.headers}</arg>
<doc>Logs the given message to the console.</doc>
<status status="PASS" start="2024-09-01T23:11:29.057741" elapsed="0.000553"/>
</kw>
<kw name="Log" owner="BuiltIn">
<msg time="2024-09-01T23:11:29.058933" level="INFO">{"page":2,"per_page":6,"total":12,"total_pages":2,"data":[{"id":7,"email":"michael.lawson@reqres.in","first_name":"Michael","last_name":"Lawson","avatar":"https://reqres.in/img/faces/7-image.jpg"},{"id":8,"email":"lindsay.ferguson@reqres.in","first_name":"Lindsay","last_name":"Ferguson","avatar":"https://reqres.in/img/faces/8-image.jpg"},{"id":9,"email":"tobias.funke@reqres.in","first_name":"Tobias","last_name":"Funke","avatar":"https://reqres.in/img/faces/9-image.jpg"},{"id":10,"email":"byron.fields@reqres.in","first_name":"Byron","last_name":"Fields","avatar":"https://reqres.in/img/faces/10-image.jpg"},{"id":11,"email":"george.edwards@reqres.in","first_name":"George","last_name":"Edwards","avatar":"https://reqres.in/img/faces/11-image.jpg"},{"id":12,"email":"rachel.howell@reqres.in","first_name":"Rachel","last_name":"Howell","avatar":"https://reqres.in/img/faces/12-image.jpg"}],"support":{"url":"https://reqres.in/#support-heading","text":"To keep ReqRes free, contributions towards server costs are appreciated!"}}</msg>
<arg>${response.content}</arg>
<doc>Logs the given message with the given level.</doc>
<status status="PASS" start="2024-09-01T23:11:29.058440" elapsed="0.000548"/>
</kw>
<kw name="Convert To String" owner="BuiltIn">
<msg time="2024-09-01T23:11:29.059665" level="INFO">${status_code} = 200</msg>
<var>${status_code}</var>
<arg>${response.status_code}</arg>
<doc>Converts the given item to a Unicode string.</doc>
<status status="PASS" start="2024-09-01T23:11:29.059122" elapsed="0.000572"/>
</kw>
<kw name="Should Be Equal" owner="BuiltIn">
<arg>${status_code}</arg>
<arg>200</arg>
<doc>Fails if the given objects are unequal.</doc>
<status status="PASS" start="2024-09-01T23:11:29.059828" elapsed="0.000193"/>
</kw>
<kw name="Convert To String" owner="BuiltIn">
<msg time="2024-09-01T23:11:29.060702" level="INFO">${first_name} = {"page":2,"per_page":6,"total":12,"total_pages":2,"data":[{"id":7,"email":"michael.lawson@reqres.in","first_name":"Michael","last_name":"Lawson","avatar":"https://reqres.in/img/faces/7-image.jpg"},{"i...</msg>
<var>${first_name}</var>
<arg>${response.content}</arg>
<doc>Converts the given item to a Unicode string.</doc>
<status status="PASS" start="2024-09-01T23:11:29.060150" elapsed="0.000583"/>
</kw>
<kw name="Should Contain" owner="BuiltIn">
<arg>${first_name}</arg>
<arg>Michael</arg>
<doc>Fails if ``container`` does not contain ``item`` one or more times.</doc>
<status status="PASS" start="2024-09-01T23:11:29.060865" elapsed="0.000154"/>
</kw>
<kw name="Get From Dictionary" owner="Collections">
<msg time="2024-09-01T23:11:29.061658" level="INFO">${contentTypeValue} = application/json; charset=utf-8</msg>
<var>${contentTypeValue}</var>
<arg>${response.headers}</arg>
<arg>Content-Type</arg>
<doc>Returns a value from the given ``dictionary`` based on the given ``key``.</doc>
<status status="PASS" start="2024-09-01T23:11:29.061150" elapsed="0.000536"/>
</kw>
<kw name="Should Be Equal" owner="BuiltIn">
<arg>${contentTypeValue}</arg>
<arg>application/json; charset=utf-8</arg>
<doc>Fails if the given objects are unequal.</doc>
<status status="PASS" start="2024-09-01T23:11:29.061818" elapsed="0.000182"/>
</kw>
<kw name="Get From Dictionary" owner="Collections">
<msg time="2024-09-01T23:11:29.062624" level="INFO">${content_Connection} = keep-alive</msg>
<var>${content_Connection}</var>
<arg>${response.headers}</arg>
<arg>Connection</arg>
<doc>Returns a value from the given ``dictionary`` based on the given ``key``.</doc>
<status status="PASS" start="2024-09-01T23:11:29.062118" elapsed="0.000531"/>
</kw>
<kw name="Should Be Equal" owner="BuiltIn">
<arg>${content_Connection}</arg>
<arg>keep-alive</arg>
<doc>Fails if the given objects are unequal.</doc>
<status status="PASS" start="2024-09-01T23:11:29.062975" elapsed="0.000169"/>
</kw>
<kw name="Convert String To Json" owner="JSONLibrary">
<msg time="2024-09-01T23:11:29.063832" level="INFO">${json_response} = {'page': 2, 'per_page': 6, 'total': 12, 'total_pages': 2, 'data': [{'id': 7, 'email': 'michael.lawson@reqres.in', 'first_name': 'Michael', 'last_name': 'Lawson', 'avatar': 'https://reqres.in/img/faces...</msg>
<var>${json_response}</var>
<arg>${response.content}</arg>
<doc>Convert String to JSON object</doc>
<status status="PASS" start="2024-09-01T23:11:29.063261" elapsed="0.000599"/>
</kw>
<kw name="Get Value From Json" owner="JSONLibrary">
<msg time="2024-09-01T23:11:29.092420" level="INFO">${contents} = [2]</msg>
<var>${contents}</var>
<arg>${json_response}</arg>
<arg>${page_path}</arg>
<doc>Get Value From JSON using JSONPath</doc>
<status status="PASS" start="2024-09-01T23:11:29.063981" elapsed="0.028478"/>
</kw>
<kw name="Convert To String" owner="BuiltIn">
<msg time="2024-09-01T23:11:29.092806" level="INFO">${contents} = [2]</msg>
<var>${contents}</var>
<arg>${contents}</arg>
<doc>Converts the given item to a Unicode string.</doc>
<status status="PASS" start="2024-09-01T23:11:29.092602" elapsed="0.000226"/>
</kw>
<kw name="Remove String Using Regexp" owner="String">
<msg time="2024-09-01T23:11:29.093183" level="INFO">${contents} = 2</msg>
<var>${contents}</var>
<arg>${contents}</arg>
<arg>['\\[\\],]</arg>
<doc>Removes ``patterns`` from the given ``string``.</doc>
<status status="PASS" start="2024-09-01T23:11:29.092945" elapsed="0.000263"/>
</kw>
<kw name="Log To Console" owner="BuiltIn">
<arg>${contents}</arg>
<doc>Logs the given message to the console.</doc>
<status status="PASS" start="2024-09-01T23:11:29.093329" elapsed="0.000188"/>
</kw>
<kw name="Should Be Equal" owner="BuiltIn">
<arg>${contents}</arg>
<arg>2</arg>
<doc>Fails if the given objects are unequal.</doc>
<status status="PASS" start="2024-09-01T23:11:29.093619" elapsed="0.000135"/>
</kw>
<tag>Demo</tag>
<status status="PASS" start="2024-09-01T23:11:28.954140" elapsed="0.139716"/>
</test>
<test id="s1-s1-t2" name="Delete request data" line="49">
<kw name="Create Session" owner="RequestsLibrary">
<msg time="2024-09-01T23:11:29.094474" level="INFO">Creating Session using : alias=session1, url=https://jsonplaceholder.typicode.com, headers={},                     cookies={}, auth=None, timeout=None, proxies=None, verify=False,                     debug=0 </msg>
<arg>session1</arg>
<arg>${Delete_base_url}</arg>
<arg>disable_warnings=1</arg>
<doc>Create Session: create a HTTP session to a server</doc>
<status status="PASS" start="2024-09-01T23:11:29.094295" elapsed="0.000321"/>
</kw>
<kw name="Set Variable" owner="BuiltIn">
<msg time="2024-09-01T23:11:29.094870" level="INFO">${endpoint} = /posts/1</msg>
<var>${endpoint}</var>
<arg>${Delete_endpoint}</arg>
<doc>Returns the given values which can then be assigned to a variables.</doc>
<status status="PASS" start="2024-09-01T23:11:29.094731" elapsed="0.000159"/>
</kw>
<kw name="DELETE On Session" owner="RequestsLibrary">
<msg time="2024-09-01T23:11:30.033482" level="INFO">DELETE Request : url=https://jsonplaceholder.typicode.com/posts/1 
 path_url=/posts/1 
 headers={'User-Agent': 'python-requests/2.32.3', 'Accept-Encoding': 'gzip, deflate', 'Accept': '*/*', 'Connection': 'keep-alive', 'Content-Length': '0'} 
 body=None 
 </msg>
<msg time="2024-09-01T23:11:30.034147" level="INFO">DELETE Response : url=https://jsonplaceholder.typicode.com/posts/1 
 status=200, reason=OK 
 headers={'Date': 'Sun, 01 Sep 2024 17:41:30 GMT', 'Content-Type': 'application/json; charset=utf-8', 'Content-Length': '2', 'Connection': 'keep-alive', 'Report-To': '{"group":"heroku-nel","max_age":3600,"endpoints":[{"url":"https://nel.heroku.com/reports?ts=1725212489&amp;sid=e11707d5-02a7-43ef-b45e-2cf4d2036f7d&amp;s=xh%2BzsQilsT6T6hOOHrMn3nSdEWAq3trYOCJlNg8S7gk%3D"}]}', 'Reporting-Endpoints': 'heroku-nel=https://nel.heroku.com/reports?ts=1725212489&amp;sid=e11707d5-02a7-43ef-b45e-2cf4d2036f7d&amp;s=xh%2BzsQilsT6T6hOOHrMn3nSdEWAq3trYOCJlNg8S7gk%3D', 'Nel': '{"report_to":"heroku-nel","max_age":3600,"success_fraction":0.005,"failure_fraction":0.05,"response_headers":["Via"]}', 'X-Powered-By': 'Express', 'X-Ratelimit-Limit': '1000', 'X-Ratelimit-Remaining': '999', 'X-Ratelimit-Reset': '1725212524', 'Vary': 'Origin, Accept-Encoding', 'Access-Control-Allow-Credentials': 'true', 'Cache-Control': 'no-cache', 'Pragma': 'no-cache', 'Expires': '-1', 'X-Content-Type-Options': 'nosniff', 'Etag': 'W/"2-vyGp6PvFo4RvsFtPoIWeCReyIC8"', 'Via': '1.1 vegur', 'CF-Cache-Status': 'DYNAMIC', 'Server': 'cloudflare', 'CF-RAY': '8bc70d29fb38482e-SIN', 'alt-svc': 'h3=":443"; ma=86400'} 
 body={} 
 </msg>
<msg time="2024-09-01T23:11:30.034566" level="INFO">${response} = &lt;Response [200]&gt;</msg>
<var>${response}</var>
<arg>session1</arg>
<arg>${endpoint}</arg>
<doc>Sends a DELETE request on a previously created HTTP Session.</doc>
<status status="PASS" start="2024-09-01T23:11:29.094992" elapsed="0.939637"/>
</kw>
<kw name="Log To Console" owner="BuiltIn">
<arg>${response.status_code}</arg>
<doc>Logs the given message to the console.</doc>
<status status="PASS" start="2024-09-01T23:11:30.035126" elapsed="0.001644"/>
</kw>
<kw name="Log To Console" owner="BuiltIn">
<arg>${response.content}</arg>
<doc>Logs the given message to the console.</doc>
<status status="PASS" start="2024-09-01T23:11:30.037058" elapsed="0.001000"/>
</kw>
<tag>Demo1</tag>
<status status="PASS" start="2024-09-01T23:11:29.094033" elapsed="0.944338"/>
</test>
<test id="s1-s1-t3" name="load and get xml data" line="57">
<kw name="Set Variable" owner="BuiltIn">
<msg time="2024-09-01T23:11:30.039808" level="INFO">${filepath} = /Users/vinodjoel/Documents/APIAutomation/TestCases/Data.xml</msg>
<var>${filepath}</var>
<arg>${EXECDIR}/TestCases/Data.xml</arg>
<doc>Returns the given values which can then be assigned to a variables.</doc>
<status status="PASS" start="2024-09-01T23:11:30.039454" elapsed="0.000408"/>
</kw>
<kw name="Log To Console" owner="BuiltIn">
<arg>${filepath}</arg>
<doc>Logs the given message to the console.</doc>
<status status="PASS" start="2024-09-01T23:11:30.040095" elapsed="0.000331"/>
</kw>
<kw name="Parse Xml" owner="XML">
<msg time="2024-09-01T23:11:30.043177" level="INFO">${XML} = &lt;Element 'root' at 0x7fb4c8aa7310&gt;</msg>
<var>${XML}</var>
<arg>${filepath}</arg>
<doc>Parses the given XML file or string into an element structure.</doc>
<status status="PASS" start="2024-09-01T23:11:30.040668" elapsed="0.002569"/>
</kw>
<kw name="Get Element" owner="XML">
<msg time="2024-09-01T23:11:30.043822" level="INFO">${value} = &lt;Element 'firstName' at 0x7fb4c8fa0ae0&gt;</msg>
<var>${value}</var>
<arg>${XML}</arg>
<arg>firstName</arg>
<doc>Returns an element in the ``source`` matching the ``xpath``.</doc>
<status status="PASS" start="2024-09-01T23:11:30.043484" elapsed="0.000383"/>
</kw>
<kw name="Log To Console" owner="BuiltIn">
<arg>${value.text}</arg>
<doc>Logs the given message to the console.</doc>
<status status="PASS" start="2024-09-01T23:11:30.044069" elapsed="0.000854"/>
</kw>
<kw name="Set Variable" owner="BuiltIn">
<msg time="2024-09-01T23:11:30.046218" level="INFO">${firstName} = John</msg>
<var>${firstName}</var>
<arg>${value.text}</arg>
<doc>Returns the given values which can then be assigned to a variables.</doc>
<status status="PASS" start="2024-09-01T23:11:30.045119" elapsed="0.001139"/>
</kw>
<kw name="Should Be Equal" owner="BuiltIn">
<arg>${firstName}</arg>
<arg>John</arg>
<doc>Fails if the given objects are unequal.</doc>
<status status="PASS" start="2024-09-01T23:11:30.046452" elapsed="0.000293"/>
</kw>
<kw name="Parse Xml" owner="XML">
<msg time="2024-09-01T23:11:30.047345" level="INFO">${XML} = &lt;Element 'root' at 0x7fb4c8ee2220&gt;</msg>
<var>${XML}</var>
<arg>${filepath}</arg>
<doc>Parses the given XML file or string into an element structure.</doc>
<status status="PASS" start="2024-09-01T23:11:30.046931" elapsed="0.000518"/>
</kw>
<kw name="Get Element" owner="XML">
<msg time="2024-09-01T23:11:30.048192" level="INFO">${value} = &lt;Element 'type' at 0x7fb4c8f8a5e0&gt;</msg>
<var>${value}</var>
<arg>${XML}</arg>
<arg>.//phoneNumbers[1]//type[2]</arg>
<doc>Returns an element in the ``source`` matching the ``xpath``.</doc>
<status status="PASS" start="2024-09-01T23:11:30.047638" elapsed="0.000596"/>
</kw>
<kw name="Log To Console" owner="BuiltIn">
<arg>${value.text}</arg>
<doc>Logs the given message to the console.</doc>
<status status="PASS" start="2024-09-01T23:11:30.048426" elapsed="0.000789"/>
</kw>
<kw name="Set Variable" owner="BuiltIn">
<msg time="2024-09-01T23:11:30.050174" level="INFO">${firstName} = iPhone2</msg>
<var>${firstName}</var>
<arg>${value.text}</arg>
<doc>Returns the given values which can then be assigned to a variables.</doc>
<status status="PASS" start="2024-09-01T23:11:30.049402" elapsed="0.000818"/>
</kw>
<kw name="Should Be Equal" owner="BuiltIn">
<arg>${firstName}</arg>
<arg>iPhone2</arg>
<doc>Fails if the given objects are unequal.</doc>
<status status="PASS" start="2024-09-01T23:11:30.050411" elapsed="0.000267"/>
</kw>
<kw name="Parse Xml" owner="XML">
<msg time="2024-09-01T23:11:30.051239" level="INFO">${XML} = &lt;Element 'root' at 0x7fb4c8f2c8b0&gt;</msg>
<var>${XML}</var>
<arg>${filepath}</arg>
<doc>Parses the given XML file or string into an element structure.</doc>
<status status="PASS" start="2024-09-01T23:11:30.050861" elapsed="0.000418"/>
</kw>
<kw name="Get Element" owner="XML">
<msg time="2024-09-01T23:11:30.051740" level="INFO">${value} = &lt;Element 'streetAddress' at 0x7fb4c8fa0a90&gt;</msg>
<var>${value}</var>
<arg>${XML}</arg>
<arg>.//address[1]//streetAddress</arg>
<doc>Returns an element in the ``source`` matching the ``xpath``.</doc>
<status status="PASS" start="2024-09-01T23:11:30.051464" elapsed="0.000311"/>
</kw>
<kw name="Log To Console" owner="BuiltIn">
<arg>${value.text}</arg>
<doc>Logs the given message to the console.</doc>
<status status="PASS" start="2024-09-01T23:11:30.051934" elapsed="0.000667"/>
</kw>
<kw name="Set Variable" owner="BuiltIn">
<msg time="2024-09-01T23:11:30.053430" level="INFO">${firstName} = VJ lane</msg>
<var>${firstName}</var>
<arg>${value.text}</arg>
<doc>Returns the given values which can then be assigned to a variables.</doc>
<status status="PASS" start="2024-09-01T23:11:30.052764" elapsed="0.000700"/>
</kw>
<kw name="Should Be Equal" owner="BuiltIn">
<arg>${firstName}</arg>
<arg>VJ lane</arg>
<doc>Fails if the given objects are unequal.</doc>
<status status="PASS" start="2024-09-01T23:11:30.053629" elapsed="0.000217"/>
</kw>
<kw name="Get Element" owner="XML">
<msg time="2024-09-01T23:11:30.054281" level="INFO">${value} = &lt;Element 'age' at 0x7fb4c8fa0a40&gt;</msg>
<var>${value}</var>
<arg>${XML}</arg>
<arg>.//age[1]</arg>
<doc>Returns an element in the ``source`` matching the ``xpath``.</doc>
<status status="PASS" start="2024-09-01T23:11:30.054005" elapsed="0.000311"/>
</kw>
<kw name="Log To Console" owner="BuiltIn">
<arg>${value.text}</arg>
<doc>Logs the given message to the console.</doc>
<status status="PASS" start="2024-09-01T23:11:30.054475" elapsed="0.000672"/>
</kw>
<tag>Demo3</tag>
<status status="PASS" start="2024-09-01T23:11:30.038816" elapsed="0.016482"/>
</test>
<test id="s1-s1-t4" name="load and get JSON data" line="83">
<kw name="Set Variable" owner="BuiltIn">
<msg time="2024-09-01T23:11:30.056175" level="INFO">${filepath} = /Users/vinodjoel/Documents/APIAutomation/TestData/data.json</msg>
<var>${filepath}</var>
<arg>${EXECDIR}/TestData/data.json</arg>
<doc>Returns the given values which can then be assigned to a variables.</doc>
<status status="PASS" start="2024-09-01T23:11:30.055949" elapsed="0.000261"/>
</kw>
<kw name="Log To Console" owner="BuiltIn">
<arg>${filepath}</arg>
<doc>Logs the given message to the console.</doc>
<status status="PASS" start="2024-09-01T23:11:30.056364" elapsed="0.000199"/>
</kw>
<kw name="Get File" owner="OperatingSystem">
<msg time="2024-09-01T23:11:30.056910" level="INFO" html="true">Getting file '&lt;a href="file:///Users/vinodjoel/Documents/APIAutomation/TestData/data.json"&gt;/Users/vinodjoel/Documents/APIAutomation/TestData/data.json&lt;/a&gt;'.</msg>
<msg time="2024-09-01T23:11:30.057112" level="INFO">${json_obj} = {
    "firstName": "John",
    "lastName": "doe",
    "age": [26,36,46],
    "address": {
        "streetAddress": "naist street",
        "city": "Nara",
        "postalCode": "630-0192"
    },
    "...</msg>
<var>${json_obj}</var>
<arg>${filepath}</arg>
<doc>Returns the contents of a specified file.</doc>
<status status="PASS" start="2024-09-01T23:11:30.056715" elapsed="0.000429"/>
</kw>
<kw name="Evaluate" owner="BuiltIn">
<msg time="2024-09-01T23:11:30.057671" level="INFO">${value} = {'firstName': 'John', 'lastName': 'doe', 'age': [26, 36, 46], 'address': {'streetAddress': 'naist street', 'city': 'Nara', 'postalCode': '630-0192'}, 'phoneNumbers': [{'type': 'iPhone', 'number': '012...</msg>
<var>${value}</var>
<arg>json.loads('''${json_obj}''')</arg>
<arg>json</arg>
<doc>Evaluates the given expression in Python and returns the result.</doc>
<status status="PASS" start="2024-09-01T23:11:30.057310" elapsed="0.000395"/>
</kw>
<kw name="Log To Console" owner="BuiltIn">
<arg>${value["firstName"]}</arg>
<doc>Logs the given message to the console.</doc>
<status status="PASS" start="2024-09-01T23:11:30.057864" elapsed="0.000647"/>
</kw>
<kw name="Set Variable" owner="BuiltIn">
<msg time="2024-09-01T23:11:30.059282" level="INFO">${firstName} = John</msg>
<var>${firstName}</var>
<arg>${value["firstName"]}</arg>
<doc>Returns the given values which can then be assigned to a variables.</doc>
<status status="PASS" start="2024-09-01T23:11:30.058668" elapsed="0.000648"/>
</kw>
<kw name="Should Be Equal" owner="BuiltIn">
<arg>${firstName}</arg>
<arg>John</arg>
<doc>Fails if the given objects are unequal.</doc>
<status status="PASS" start="2024-09-01T23:11:30.059458" elapsed="0.000199"/>
</kw>
<kw name="Set Variable" owner="BuiltIn">
<msg time="2024-09-01T23:11:30.060322" level="INFO">${ph} = iPhone</msg>
<var>${ph}</var>
<arg>${value["phoneNumbers"][0]["type"]}</arg>
<doc>Returns the given values which can then be assigned to a variables.</doc>
<status status="PASS" start="2024-09-01T23:11:30.059793" elapsed="0.000559"/>
</kw>
<kw name="Should Be Equal" owner="BuiltIn">
<arg>${ph}</arg>
<arg>iPhone</arg>
<doc>Fails if the given objects are unequal.</doc>
<status status="PASS" start="2024-09-01T23:11:30.060498" elapsed="0.000190"/>
</kw>
<tag>Demo4</tag>
<status status="PASS" start="2024-09-01T23:11:30.055542" elapsed="0.005279"/>
</test>
<status status="PASS" start="2024-09-01T23:11:28.838233" elapsed="1.223083"/>
</suite>
<status status="PASS" start="2024-09-01T23:11:28.827127" elapsed="1.234836"/>
</suite>
<statistics>
<total>
<stat pass="4" fail="0" skip="0">All Tests</stat>
</total>
<tag>
<stat pass="1" fail="0" skip="0">Demo</stat>
<stat pass="1" fail="0" skip="0">Demo1</stat>
<stat pass="1" fail="0" skip="0">Demo3</stat>
<stat pass="1" fail="0" skip="0">Demo4</stat>
</tag>
<suite>
<stat pass="4" fail="0" skip="0" id="s1" name="Suites">Suites</stat>
<stat pass="4" fail="0" skip="0" id="s1-s1" name="TC03 Sanity">Suites.TC03 Sanity</stat>
</suite>
</statistics>
<errors>
</errors>
</robot>
