<?xml version="1.0" encoding="UTF-8"?>
<robot generator="Robot 7.0 (Python 3.8.1 on darwin)" generated="2024-09-06T22:40:07.634574" rpa="false" schemaversion="5">
<suite id="s1" name="Suites">
<suite id="s1-s1" name="TC02 POST PATCH request" source="/Users/vinodjoel/Documents/APIAutomation/Testcases/TC02_POST_PATCH_request.robot">
<test id="s1-s1-t1" name="Post_User_Details" line="21">
<kw name="Create Session" owner="RequestsLibrary">
<msg time="2024-09-06T22:40:07.797804" level="INFO">Creating Session using : alias=mypost_session, url=https://reqres.in, headers={},                     cookies={}, auth=None, timeout=None, proxies=None, verify=False,                     debug=0 </msg>
<arg>mypost_session</arg>
<arg>${base_url}</arg>
<doc>Create Session: create a HTTP session to a server</doc>
<status status="PASS" start="2024-09-06T22:40:07.797575" elapsed="0.000411"/>
</kw>
<kw name="Create Dictionary" owner="BuiltIn">
<msg time="2024-09-06T22:40:07.798610" level="INFO">${body} = {'name': 'vinodzzz', 'job': 'captain'}</msg>
<var>${body}</var>
<arg>name=vinodzzz</arg>
<arg>job=captain</arg>
<doc>Creates and returns a dictionary based on the given ``items``.</doc>
<status status="PASS" start="2024-09-06T22:40:07.798406" elapsed="0.000225"/>
</kw>
<kw name="Create Dictionary" owner="BuiltIn">
<msg time="2024-09-06T22:40:07.798885" level="INFO">${header} = {'Content-Type': 'application/json; charset=utf-8'}</msg>
<var>${header}</var>
<arg>Content-Type=application/json; charset=utf-8</arg>
<doc>Creates and returns a dictionary based on the given ``items``.</doc>
<status status="PASS" start="2024-09-06T22:40:07.798745" elapsed="0.000163"/>
</kw>
<kw name="Post Request" owner="RequestsLibrary">
<msg time="2024-09-06T22:40:07.799037" level="WARN">Keyword 'RequestsLibrary.Post Request' is deprecated. Please use `POST On Session` instead.</msg>
<msg time="2024-09-06T22:40:08.367317" level="INFO">POST Request : url=https://reqres.in/api/users 
 path_url=/api/users 
 headers={'User-Agent': 'python-requests/2.32.3', 'Accept-Encoding': 'gzip, deflate', 'Accept': '*/*', 'Connection': 'keep-alive', 'Content-Type': 'application/json; charset=utf-8', 'Content-Length': '38'} 
 body={"name": "vinodzzz", "job": "captain"} 
 </msg>
<msg time="2024-09-06T22:40:08.367863" level="INFO">POST Response : url=https://reqres.in/api/users 
 status=201, reason=Created 
 headers={'Date': 'Fri, 06 Sep 2024 17:10:08 GMT', 'Content-Type': 'application/json; charset=utf-8', 'Content-Length': '85', 'Connection': 'keep-alive', 'Report-To': '{"group":"heroku-nel","max_age":3600,"endpoints":[{"url":"https://nel.heroku.com/reports?ts=1725642608&amp;sid=c4c9725f-1ab0-44d8-820f-430df2718e11&amp;s=A9scrr%2BHkfWj8BIBjdI9Vd83uSi3ze8YOmDHBdbUTjY%3D"}]}', 'Reporting-Endpoints': 'heroku-nel=https://nel.heroku.com/reports?ts=1725642608&amp;sid=c4c9725f-1ab0-44d8-820f-430df2718e11&amp;s=A9scrr%2BHkfWj8BIBjdI9Vd83uSi3ze8YOmDHBdbUTjY%3D', 'Nel': '{"report_to":"heroku-nel","max_age":3600,"success_fraction":0.005,"failure_fraction":0.05,"response_headers":["Via"]}', 'X-Powered-By': 'Express', 'Access-Control-Allow-Origin': '*', 'Etag': 'W/"55-rpBeZ3yx9J9SpBAH65TGgCtBrdU"', 'Via': '1.1 vegur', 'cf-cache-status': 'DYNAMIC', 'Server': 'cloudflare', 'CF-RAY': '8bf0121b1a0eb2bb-BLR'} 
 body={"name":"vinodzzz","job":"captain","id":"973","createdAt":"2024-09-06T17:10:08.282Z"} 
 </msg>
<msg time="2024-09-06T22:40:08.368237" level="INFO">/Library/Frameworks/Python.framework/Versions/3.8/lib/python3.8/site-packages/urllib3/connectionpool.py:1103: InsecureRequestWarning: Unverified HTTPS request is being made to host 'reqres.in'. Adding certificate verification is strongly advised. See: https://urllib3.readthedocs.io/en/latest/advanced-usage.html#tls-warnings
  warnings.warn(</msg>
<msg time="2024-09-06T22:40:08.368635" level="INFO">${response} = &lt;Response [201]&gt;</msg>
<var>${response}</var>
<arg>mypost_session</arg>
<arg>${user}</arg>
<arg>data=${body}</arg>
<arg>headers=${header}</arg>
<doc>*DEPRECATED* Please use `POST On Session` instead.</doc>
<status status="PASS" start="2024-09-06T22:40:07.799007" elapsed="0.569700"/>
</kw>
<kw name="Log To Console" owner="BuiltIn">
<arg>${response.status_code}</arg>
<doc>Logs the given message to the console.</doc>
<status status="PASS" start="2024-09-06T22:40:08.369508" elapsed="0.002532"/>
</kw>
<kw name="Log To Console" owner="BuiltIn">
<arg>${response.content}</arg>
<doc>Logs the given message to the console.</doc>
<status status="PASS" start="2024-09-06T22:40:08.372651" elapsed="0.001657"/>
</kw>
<kw name="Convert To String" owner="BuiltIn">
<msg time="2024-09-06T22:40:08.375756" level="INFO">${status_code} = 201</msg>
<var>${status_code}</var>
<arg>${response.status_code}</arg>
<doc>Converts the given item to a Unicode string.</doc>
<status status="PASS" start="2024-09-06T22:40:08.374619" elapsed="0.001194"/>
</kw>
<kw name="Should Be Equal" owner="BuiltIn">
<arg>${status_code}</arg>
<arg>201</arg>
<doc>Fails if the given objects are unequal.</doc>
<status status="PASS" start="2024-09-06T22:40:08.376080" elapsed="0.000356"/>
</kw>
<kw name="Convert To String" owner="BuiltIn">
<msg time="2024-09-06T22:40:08.377544" level="INFO">${title} = {"name":"vinodzzz","job":"captain","id":"973","createdAt":"2024-09-06T17:10:08.282Z"}</msg>
<var>${title}</var>
<arg>${response.content}</arg>
<doc>Converts the given item to a Unicode string.</doc>
<status status="PASS" start="2024-09-06T22:40:08.376645" elapsed="0.000951"/>
</kw>
<kw name="Should Contain" owner="BuiltIn">
<arg>${title}</arg>
<arg>captain</arg>
<doc>Fails if ``container`` does not contain ``item`` one or more times.</doc>
<status status="PASS" start="2024-09-06T22:40:08.377811" elapsed="0.000283"/>
</kw>
<kw name="Should Contain" owner="BuiltIn">
<arg>${title}</arg>
<arg>vinodzzz</arg>
<doc>Fails if ``container`` does not contain ``item`` one or more times.</doc>
<status status="PASS" start="2024-09-06T22:40:08.378303" elapsed="0.000249"/>
</kw>
<kw name="Convert String To Json" owner="JSONLibrary">
<msg time="2024-09-06T22:40:08.379678" level="INFO">${json_response} = {'name': 'vinodzzz', 'job': 'captain', 'id': '973', 'createdAt': '2024-09-06T17:10:08.282Z'}</msg>
<var>${json_response}</var>
<arg>${response.content}</arg>
<doc>Convert String to JSON object</doc>
<status status="PASS" start="2024-09-06T22:40:08.378752" elapsed="0.000974"/>
</kw>
<kw name="Get Value From Json" owner="JSONLibrary">
<msg time="2024-09-06T22:40:08.418802" level="INFO">${contents} = ['973']</msg>
<var>${contents}</var>
<arg>${json_response}</arg>
<arg>${id_path}</arg>
<doc>Get Value From JSON using JSONPath</doc>
<status status="PASS" start="2024-09-06T22:40:08.379934" elapsed="0.038918"/>
</kw>
<kw name="Should Not Be Empty" owner="BuiltIn">
<msg time="2024-09-06T22:40:08.419275" level="INFO">Length is 1.</msg>
<arg>${contents}</arg>
<doc>Verifies that the given item is not empty.</doc>
<status status="PASS" start="2024-09-06T22:40:08.419045" elapsed="0.000282"/>
</kw>
<tag>demo1</tag>
<status status="PASS" start="2024-09-06T22:40:07.796764" elapsed="0.622696"/>
</test>
<test id="s1-s1-t2" name="Patch_User_Details" line="42">
<kw name="Create Session" owner="RequestsLibrary">
<msg time="2024-09-06T22:40:08.420203" level="INFO">Creating Session using : alias=mypost_session, url=https://reqres.in, headers={},                     cookies={}, auth=None, timeout=None, proxies=None, verify=False,                     debug=0 </msg>
<arg>mypost_session</arg>
<arg>${base_url}</arg>
<doc>Create Session: create a HTTP session to a server</doc>
<status status="PASS" start="2024-09-06T22:40:08.420039" elapsed="0.000320"/>
</kw>
<kw name="Create Dictionary" owner="BuiltIn">
<msg time="2024-09-06T22:40:08.420698" level="INFO">${body} = {'name': 'morpheus', 'job': 'zion resident'}</msg>
<var>${body}</var>
<arg>name=morpheus</arg>
<arg>job=zion resident</arg>
<doc>Creates and returns a dictionary based on the given ``items``.</doc>
<status status="PASS" start="2024-09-06T22:40:08.420496" elapsed="0.000228"/>
</kw>
<kw name="Create Dictionary" owner="BuiltIn">
<msg time="2024-09-06T22:40:08.421021" level="INFO">${header} = {'Content-Type': 'application/json; charset=utf-8'}</msg>
<var>${header}</var>
<arg>Content-Type=application/json; charset=utf-8</arg>
<doc>Creates and returns a dictionary based on the given ``items``.</doc>
<status status="PASS" start="2024-09-06T22:40:08.420852" elapsed="0.000341"/>
</kw>
<kw name="Patch Request" owner="RequestsLibrary">
<msg time="2024-09-06T22:40:08.421351" level="WARN">Keyword 'RequestsLibrary.Patch Request' is deprecated. Please use `PATCH On Session` instead.</msg>
<msg time="2024-09-06T22:40:08.970148" level="INFO">PATCH Request : url=https://reqres.in/api/users/2 
 path_url=/api/users/2 
 headers={'User-Agent': 'python-requests/2.32.3', 'Accept-Encoding': 'gzip, deflate', 'Accept': '*/*', 'Connection': 'keep-alive', 'Content-Type': 'application/json; charset=utf-8', 'Content-Length': '44'} 
 body={"name": "morpheus", "job": "zion resident"} 
 </msg>
<msg time="2024-09-06T22:40:08.970242" level="INFO">PATCH Response : url=https://reqres.in/api/users/2 
 status=200, reason=OK 
 headers={'Date': 'Fri, 06 Sep 2024 17:10:08 GMT', 'Content-Type': 'application/json; charset=utf-8', 'Transfer-Encoding': 'chunked', 'Connection': 'keep-alive', 'Report-To': '{"group":"heroku-nel","max_age":3600,"endpoints":[{"url":"https://nel.heroku.com/reports?ts=1725642608&amp;sid=c4c9725f-1ab0-44d8-820f-430df2718e11&amp;s=A9scrr%2BHkfWj8BIBjdI9Vd83uSi3ze8YOmDHBdbUTjY%3D"}]}', 'Reporting-Endpoints': 'heroku-nel=https://nel.heroku.com/reports?ts=1725642608&amp;sid=c4c9725f-1ab0-44d8-820f-430df2718e11&amp;s=A9scrr%2BHkfWj8BIBjdI9Vd83uSi3ze8YOmDHBdbUTjY%3D', 'Nel': '{"report_to":"heroku-nel","max_age":3600,"success_fraction":0.005,"failure_fraction":0.05,"response_headers":["Via"]}', 'X-Powered-By': 'Express', 'Access-Control-Allow-Origin': '*', 'Etag': 'W/"50-Y4Zg+pB2PyAuq2DRa5vj/32kiBM"', 'Via': '1.1 vegur', 'cf-cache-status': 'DYNAMIC', 'Server': 'cloudflare', 'CF-RAY': '8bf0121edbb6b2c1-BLR', 'Content-Encoding': 'gzip'} 
 body={"name":"morpheus","job":"zion resident","updatedAt":"2024-09-06T17:10:08.894Z"} 
 </msg>
<msg time="2024-09-06T22:40:08.970308" level="INFO">/Library/Frameworks/Python.framework/Versions/3.8/lib/python3.8/site-packages/urllib3/connectionpool.py:1103: InsecureRequestWarning: Unverified HTTPS request is being made to host 'reqres.in'. Adding certificate verification is strongly advised. See: https://urllib3.readthedocs.io/en/latest/advanced-usage.html#tls-warnings
  warnings.warn(</msg>
<msg time="2024-09-06T22:40:08.970418" level="INFO">${response} = &lt;Response [200]&gt;</msg>
<var>${response}</var>
<arg>mypost_session</arg>
<arg>${patch_url}</arg>
<arg>data=${body}</arg>
<arg>headers=${header}</arg>
<doc>*DEPRECATED* Please use `PATCH On Session` instead.</doc>
<status status="PASS" start="2024-09-06T22:40:08.421310" elapsed="0.549132"/>
</kw>
<kw name="Log To Console" owner="BuiltIn">
<arg>${response.status_code}</arg>
<doc>Logs the given message to the console.</doc>
<status status="PASS" start="2024-09-06T22:40:08.970628" elapsed="0.000571"/>
</kw>
<kw name="Log To Console" owner="BuiltIn">
<arg>${response.content}</arg>
<doc>Logs the given message to the console.</doc>
<status status="PASS" start="2024-09-06T22:40:08.971318" elapsed="0.000434"/>
</kw>
<tag>demo2</tag>
<status status="PASS" start="2024-09-06T22:40:08.419712" elapsed="0.552159"/>
</test>
<status status="PASS" start="2024-09-06T22:40:07.650765" elapsed="1.321497"/>
</suite>
<status status="PASS" start="2024-09-06T22:40:07.639319" elapsed="1.333430"/>
</suite>
<statistics>
<total>
<stat pass="2" fail="0" skip="0">All Tests</stat>
</total>
<tag>
<stat pass="1" fail="0" skip="0">demo1</stat>
<stat pass="1" fail="0" skip="0">demo2</stat>
</tag>
<suite>
<stat pass="2" fail="0" skip="0" id="s1" name="Suites">Suites</stat>
<stat pass="2" fail="0" skip="0" id="s1-s1" name="TC02 POST PATCH request">Suites.TC02 POST PATCH request</stat>
</suite>
</statistics>
<errors>
<msg time="2024-09-06T22:40:07.799037" level="WARN">Keyword 'RequestsLibrary.Post Request' is deprecated. Please use `POST On Session` instead.</msg>
<msg time="2024-09-06T22:40:08.421351" level="WARN">Keyword 'RequestsLibrary.Patch Request' is deprecated. Please use `PATCH On Session` instead.</msg>
</errors>
</robot>
