<?xml version="1.0" encoding="UTF-8"?>
<robot generator="Robot 7.0 (Python 3.8.1 on darwin)" generated="2024-09-01T23:11:27.762949" rpa="false" schemaversion="5">
<suite id="s1" name="Suites">
<suite id="s1-s1" name="TC02 POST PATCH request" source="/Users/vinodjoel/Documents/APIAutomation/Testcases/TC02_POST_PATCH_request.robot">
<test id="s1-s1-t1" name="Post_User_Details" line="21">
<kw name="Create Session" owner="RequestsLibrary">
<msg time="2024-09-01T23:11:27.885879" level="INFO">Creating Session using : alias=mypost_session, url=https://reqres.in, headers={},                     cookies={}, auth=None, timeout=None, proxies=None, verify=False,                     debug=0 </msg>
<arg>mypost_session</arg>
<arg>${base_url}</arg>
<doc>Create Session: create a HTTP session to a server</doc>
<status status="PASS" start="2024-09-01T23:11:27.885669" elapsed="0.000376"/>
</kw>
<kw name="Create Dictionary" owner="BuiltIn">
<msg time="2024-09-01T23:11:27.886671" level="INFO">${body} = {'name': 'vinodzzz', 'job': 'captain'}</msg>
<var>${body}</var>
<arg>name=vinodzzz</arg>
<arg>job=captain</arg>
<doc>Creates and returns a dictionary based on the given ``items``.</doc>
<status status="PASS" start="2024-09-01T23:11:27.886463" elapsed="0.000228"/>
</kw>
<kw name="Create Dictionary" owner="BuiltIn">
<msg time="2024-09-01T23:11:27.886936" level="INFO">${header} = {'Content-Type': 'application/json; charset=utf-8'}</msg>
<var>${header}</var>
<arg>Content-Type=application/json; charset=utf-8</arg>
<doc>Creates and returns a dictionary based on the given ``items``.</doc>
<status status="PASS" start="2024-09-01T23:11:27.886801" elapsed="0.000155"/>
</kw>
<kw name="Post Request" owner="RequestsLibrary">
<msg time="2024-09-01T23:11:27.887076" level="WARN">Keyword 'RequestsLibrary.Post Request' is deprecated. Please use `POST On Session` instead.</msg>
<msg time="2024-09-01T23:11:29.522277" level="INFO">POST Request : url=https://reqres.in/api/users 
 path_url=/api/users 
 headers={'User-Agent': 'python-requests/2.32.3', 'Accept-Encoding': 'gzip, deflate', 'Accept': '*/*', 'Connection': 'keep-alive', 'Content-Type': 'application/json; charset=utf-8', 'Content-Length': '38'} 
 body={"name": "vinodzzz", "job": "captain"} 
 </msg>
<msg time="2024-09-01T23:11:29.522657" level="INFO">POST Response : url=https://reqres.in/api/users 
 status=201, reason=Created 
 headers={'Date': 'Sun, 01 Sep 2024 17:41:29 GMT', 'Content-Type': 'application/json; charset=utf-8', 'Content-Length': '85', 'Connection': 'keep-alive', 'Report-To': '{"group":"heroku-nel","max_age":3600,"endpoints":[{"url":"https://nel.heroku.com/reports?ts=1725212489&amp;sid=c4c9725f-1ab0-44d8-820f-430df2718e11&amp;s=6VtXvGOuFbItGgIz1pFVUevfB4B2q9GmVZlQxVSFeh0%3D"}]}', 'Reporting-Endpoints': 'heroku-nel=https://nel.heroku.com/reports?ts=1725212489&amp;sid=c4c9725f-1ab0-44d8-820f-430df2718e11&amp;s=6VtXvGOuFbItGgIz1pFVUevfB4B2q9GmVZlQxVSFeh0%3D', 'Nel': '{"report_to":"heroku-nel","max_age":3600,"success_fraction":0.005,"failure_fraction":0.05,"response_headers":["Via"]}', 'X-Powered-By': 'Express', 'Access-Control-Allow-Origin': '*', 'Etag': 'W/"55-5qIrljxry2UHeK7UI7mTCXrKgeI"', 'Via': '1.1 vegur', 'CF-Cache-Status': 'DYNAMIC', 'Server': 'cloudflare', 'CF-RAY': '8bc70d293ce23b73-BOM'} 
 body={"name":"vinodzzz","job":"captain","id":"237","createdAt":"2024-09-01T17:41:29.377Z"} 
 </msg>
<msg time="2024-09-01T23:11:29.522975" level="INFO">/Library/Frameworks/Python.framework/Versions/3.8/lib/python3.8/site-packages/urllib3/connectionpool.py:1103: InsecureRequestWarning: Unverified HTTPS request is being made to host 'reqres.in'. Adding certificate verification is strongly advised. See: https://urllib3.readthedocs.io/en/latest/advanced-usage.html#tls-warnings
  warnings.warn(</msg>
<msg time="2024-09-01T23:11:29.523398" level="INFO">${response} = &lt;Response [201]&gt;</msg>
<var>${response}</var>
<arg>mypost_session</arg>
<arg>${user}</arg>
<arg>data=${body}</arg>
<arg>headers=${header}</arg>
<doc>*DEPRECATED* Please use `POST On Session` instead.</doc>
<status status="PASS" start="2024-09-01T23:11:27.887046" elapsed="1.636433"/>
</kw>
<kw name="Log To Console" owner="BuiltIn">
<arg>${response.status_code}</arg>
<doc>Logs the given message to the console.</doc>
<status status="PASS" start="2024-09-01T23:11:29.524522" elapsed="0.002268"/>
</kw>
<kw name="Log To Console" owner="BuiltIn">
<arg>${response.content}</arg>
<doc>Logs the given message to the console.</doc>
<status status="PASS" start="2024-09-01T23:11:29.527072" elapsed="0.001107"/>
</kw>
<kw name="Convert To String" owner="BuiltIn">
<msg time="2024-09-01T23:11:29.529554" level="INFO">${status_code} = 201</msg>
<var>${status_code}</var>
<arg>${response.status_code}</arg>
<doc>Converts the given item to a Unicode string.</doc>
<status status="PASS" start="2024-09-01T23:11:29.528450" elapsed="0.001152"/>
</kw>
<kw name="Should Be Equal" owner="BuiltIn">
<arg>${status_code}</arg>
<arg>201</arg>
<doc>Fails if the given objects are unequal.</doc>
<status status="PASS" start="2024-09-01T23:11:29.529833" elapsed="0.000335"/>
</kw>
<kw name="Convert To String" owner="BuiltIn">
<msg time="2024-09-01T23:11:29.531293" level="INFO">${title} = {"name":"vinodzzz","job":"captain","id":"237","createdAt":"2024-09-01T17:41:29.377Z"}</msg>
<var>${title}</var>
<arg>${response.content}</arg>
<doc>Converts the given item to a Unicode string.</doc>
<status status="PASS" start="2024-09-01T23:11:29.530379" elapsed="0.000961"/>
</kw>
<kw name="Should Contain" owner="BuiltIn">
<arg>${title}</arg>
<arg>captain</arg>
<doc>Fails if ``container`` does not contain ``item`` one or more times.</doc>
<status status="PASS" start="2024-09-01T23:11:29.531558" elapsed="0.000293"/>
</kw>
<kw name="Should Contain" owner="BuiltIn">
<arg>${title}</arg>
<arg>vinodzzz</arg>
<doc>Fails if ``container`` does not contain ``item`` one or more times.</doc>
<status status="PASS" start="2024-09-01T23:11:29.532050" elapsed="0.000246"/>
</kw>
<kw name="Convert String To Json" owner="JSONLibrary">
<msg time="2024-09-01T23:11:29.533398" level="INFO">${json_response} = {'name': 'vinodzzz', 'job': 'captain', 'id': '237', 'createdAt': '2024-09-01T17:41:29.377Z'}</msg>
<var>${json_response}</var>
<arg>${response.content}</arg>
<doc>Convert String to JSON object</doc>
<status status="PASS" start="2024-09-01T23:11:29.532497" elapsed="0.000954"/>
</kw>
<kw name="Get Value From Json" owner="JSONLibrary">
<msg time="2024-09-01T23:11:29.571039" level="INFO">${contents} = ['237']</msg>
<var>${contents}</var>
<arg>${json_response}</arg>
<arg>${id_path}</arg>
<doc>Get Value From JSON using JSONPath</doc>
<status status="PASS" start="2024-09-01T23:11:29.533664" elapsed="0.037413"/>
</kw>
<kw name="Should Not Be Empty" owner="BuiltIn">
<msg time="2024-09-01T23:11:29.571425" level="INFO">Length is 1.</msg>
<arg>${contents}</arg>
<doc>Verifies that the given item is not empty.</doc>
<status status="PASS" start="2024-09-01T23:11:29.571237" elapsed="0.000237"/>
</kw>
<tag>demo1</tag>
<status status="PASS" start="2024-09-01T23:11:27.884878" elapsed="1.686723"/>
</test>
<test id="s1-s1-t2" name="Patch_User_Details" line="42">
<kw name="Create Session" owner="RequestsLibrary">
<msg time="2024-09-01T23:11:29.572288" level="INFO">Creating Session using : alias=mypost_session, url=https://reqres.in, headers={},                     cookies={}, auth=None, timeout=None, proxies=None, verify=False,                     debug=0 </msg>
<arg>mypost_session</arg>
<arg>${base_url}</arg>
<doc>Create Session: create a HTTP session to a server</doc>
<status status="PASS" start="2024-09-01T23:11:29.572135" elapsed="0.000296"/>
</kw>
<kw name="Create Dictionary" owner="BuiltIn">
<msg time="2024-09-01T23:11:29.572757" level="INFO">${body} = {'name': 'morpheus', 'job': 'zion resident'}</msg>
<var>${body}</var>
<arg>name=morpheus</arg>
<arg>job=zion resident</arg>
<doc>Creates and returns a dictionary based on the given ``items``.</doc>
<status status="PASS" start="2024-09-01T23:11:29.572563" elapsed="0.000219"/>
</kw>
<kw name="Create Dictionary" owner="BuiltIn">
<msg time="2024-09-01T23:11:29.573066" level="INFO">${header} = {'Content-Type': 'application/json; charset=utf-8'}</msg>
<var>${header}</var>
<arg>Content-Type=application/json; charset=utf-8</arg>
<doc>Creates and returns a dictionary based on the given ``items``.</doc>
<status status="PASS" start="2024-09-01T23:11:29.572907" elapsed="0.000364"/>
</kw>
<kw name="Patch Request" owner="RequestsLibrary">
<msg time="2024-09-01T23:11:29.573428" level="WARN">Keyword 'RequestsLibrary.Patch Request' is deprecated. Please use `PATCH On Session` instead.</msg>
<msg time="2024-09-01T23:11:30.048036" level="INFO">PATCH Request : url=https://reqres.in/api/users/2 
 path_url=/api/users/2 
 headers={'User-Agent': 'python-requests/2.32.3', 'Accept-Encoding': 'gzip, deflate', 'Accept': '*/*', 'Connection': 'keep-alive', 'Content-Type': 'application/json; charset=utf-8', 'Content-Length': '44'} 
 body={"name": "morpheus", "job": "zion resident"} 
 </msg>
<msg time="2024-09-01T23:11:30.048200" level="INFO">PATCH Response : url=https://reqres.in/api/users/2 
 status=200, reason=OK 
 headers={'Date': 'Sun, 01 Sep 2024 17:41:30 GMT', 'Content-Type': 'application/json; charset=utf-8', 'Transfer-Encoding': 'chunked', 'Connection': 'keep-alive', 'Report-To': '{"group":"heroku-nel","max_age":3600,"endpoints":[{"url":"https://nel.heroku.com/reports?ts=1725212489&amp;sid=c4c9725f-1ab0-44d8-820f-430df2718e11&amp;s=6VtXvGOuFbItGgIz1pFVUevfB4B2q9GmVZlQxVSFeh0%3D"}]}', 'Reporting-Endpoints': 'heroku-nel=https://nel.heroku.com/reports?ts=1725212489&amp;sid=c4c9725f-1ab0-44d8-820f-430df2718e11&amp;s=6VtXvGOuFbItGgIz1pFVUevfB4B2q9GmVZlQxVSFeh0%3D', 'Nel': '{"report_to":"heroku-nel","max_age":3600,"success_fraction":0.005,"failure_fraction":0.05,"response_headers":["Via"]}', 'X-Powered-By': 'Express', 'Access-Control-Allow-Origin': '*', 'Etag': 'W/"50-stmcGR4OWcmU/nwu2haR1DxDOqA"', 'Via': '1.1 vegur', 'CF-Cache-Status': 'DYNAMIC', 'Server': 'cloudflare', 'CF-RAY': '8bc70d2d0e6347f1-BOM', 'Content-Encoding': 'gzip'} 
 body={"name":"morpheus","job":"zion resident","updatedAt":"2024-09-01T17:41:29.982Z"} 
 </msg>
<msg time="2024-09-01T23:11:30.048311" level="INFO">/Library/Frameworks/Python.framework/Versions/3.8/lib/python3.8/site-packages/urllib3/connectionpool.py:1103: InsecureRequestWarning: Unverified HTTPS request is being made to host 'reqres.in'. Adding certificate verification is strongly advised. See: https://urllib3.readthedocs.io/en/latest/advanced-usage.html#tls-warnings
  warnings.warn(</msg>
<msg time="2024-09-01T23:11:30.048510" level="INFO">${response} = &lt;Response [200]&gt;</msg>
<var>${response}</var>
<arg>mypost_session</arg>
<arg>${patch_url}</arg>
<arg>data=${body}</arg>
<arg>headers=${header}</arg>
<doc>*DEPRECATED* Please use `PATCH On Session` instead.</doc>
<status status="PASS" start="2024-09-01T23:11:29.573388" elapsed="0.475166"/>
</kw>
<kw name="Log To Console" owner="BuiltIn">
<arg>${response.status_code}</arg>
<doc>Logs the given message to the console.</doc>
<status status="PASS" start="2024-09-01T23:11:30.048913" elapsed="0.000944"/>
</kw>
<kw name="Log To Console" owner="BuiltIn">
<arg>${response.content}</arg>
<doc>Logs the given message to the console.</doc>
<status status="PASS" start="2024-09-01T23:11:30.050052" elapsed="0.000756"/>
</kw>
<tag>demo2</tag>
<status status="PASS" start="2024-09-01T23:11:29.571823" elapsed="0.479182"/>
</test>
<status status="PASS" start="2024-09-01T23:11:27.778524" elapsed="2.273171"/>
</suite>
<status status="PASS" start="2024-09-01T23:11:27.767236" elapsed="2.285194"/>
</suite>
<statistics>
<total>
<stat pass="2" fail="0" skip="0">All Tests</stat>
</total>
<tag>
<stat pass="1" fail="0" skip="0">demo1</stat>
<stat pass="1" fail="0" skip="0">demo2</stat>
</tag>
<suite>
<stat pass="2" fail="0" skip="0" id="s1" name="Suites">Suites</stat>
<stat pass="2" fail="0" skip="0" id="s1-s1" name="TC02 POST PATCH request">Suites.TC02 POST PATCH request</stat>
</suite>
</statistics>
<errors>
<msg time="2024-09-01T23:11:27.887076" level="WARN">Keyword 'RequestsLibrary.Post Request' is deprecated. Please use `POST On Session` instead.</msg>
<msg time="2024-09-01T23:11:29.573428" level="WARN">Keyword 'RequestsLibrary.Patch Request' is deprecated. Please use `PATCH On Session` instead.</msg>
</errors>
</robot>
