<?xml version="1.0" encoding="UTF-8"?>
<robot generator="Robot 7.0 (Python 3.8.1 on darwin)" generated="2024-09-01T23:11:30.374430" rpa="false" schemaversion="5">
<suite id="s1" name="Suites">
<suite id="s1-s1" name="TC04 PUT request" source="/Users/vinodjoel/Documents/APIAutomation/Testcases/TC04_PUT_request.robot">
<test id="s1-s1-t1" name="Put_User_Details" line="20">
<kw name="Create Session" owner="RequestsLibrary">
<msg time="2024-09-01T23:11:30.501745" level="INFO">Creating Session using : alias=mypost_session, url=https://reqres.in, headers={},                     cookies={}, auth=None, timeout=None, proxies=None, verify=False,                     debug=0 </msg>
<arg>mypost_session</arg>
<arg>${base_url}</arg>
<doc>Create Session: create a HTTP session to a server</doc>
<status status="PASS" start="2024-09-01T23:11:30.501498" elapsed="0.000465"/>
</kw>
<kw name="Create Dictionary" owner="BuiltIn">
<msg time="2024-09-01T23:11:30.502625" level="INFO">${body} = {'name': 'vinodput', 'job': 'SW_Engineer'}</msg>
<var>${body}</var>
<arg>name=vinodput</arg>
<arg>job=SW_Engineer</arg>
<doc>Creates and returns a dictionary based on the given ``items``.</doc>
<status status="PASS" start="2024-09-01T23:11:30.502399" elapsed="0.000248"/>
</kw>
<kw name="Create Dictionary" owner="BuiltIn">
<msg time="2024-09-01T23:11:30.502889" level="INFO">${header} = {'Content-Type': 'application/json; charset=utf-8'}</msg>
<var>${header}</var>
<arg>Content-Type=application/json; charset=utf-8</arg>
<doc>Creates and returns a dictionary based on the given ``items``.</doc>
<status status="PASS" start="2024-09-01T23:11:30.502755" elapsed="0.000154"/>
</kw>
<kw name="Put Request" owner="RequestsLibrary">
<msg time="2024-09-01T23:11:30.503038" level="WARN">Keyword 'RequestsLibrary.Put Request' is deprecated. Please use `PUT On Session` instead.</msg>
<msg time="2024-09-01T23:11:30.881304" level="INFO">PUT Request : url=https://reqres.in/api/users/2 
 path_url=/api/users/2 
 headers={'User-Agent': 'python-requests/2.32.3', 'Accept-Encoding': 'gzip, deflate', 'Accept': '*/*', 'Connection': 'keep-alive', 'Content-Type': 'application/json; charset=utf-8', 'Content-Length': '42'} 
 body={"name": "vinodput", "job": "SW_Engineer"} 
 </msg>
<msg time="2024-09-01T23:11:30.881470" level="INFO">PUT Response : url=https://reqres.in/api/users/2 
 status=200, reason=OK 
 headers={'Date': 'Sun, 01 Sep 2024 17:41:30 GMT', 'Content-Type': 'application/json; charset=utf-8', 'Transfer-Encoding': 'chunked', 'Connection': 'keep-alive', 'Report-To': '{"group":"heroku-nel","max_age":3600,"endpoints":[{"url":"https://nel.heroku.com/reports?ts=1725212490&amp;sid=c4c9725f-1ab0-44d8-820f-430df2718e11&amp;s=A75kTL5KgVFd5wlIwj1QlTUfCkuty6ZlLcD00q9xrHA%3D"}]}', 'Reporting-Endpoints': 'heroku-nel=https://nel.heroku.com/reports?ts=1725212490&amp;sid=c4c9725f-1ab0-44d8-820f-430df2718e11&amp;s=A75kTL5KgVFd5wlIwj1QlTUfCkuty6ZlLcD00q9xrHA%3D', 'Nel': '{"report_to":"heroku-nel","max_age":3600,"success_fraction":0.005,"failure_fraction":0.05,"response_headers":["Via"]}', 'X-Powered-By': 'Express', 'Access-Control-Allow-Origin': '*', 'Etag': 'W/"4e-aCJwwfhvQDLdDrSKgHCtQuCSm+Y"', 'Via': '1.1 vegur', 'CF-Cache-Status': 'DYNAMIC', 'Vary': 'Accept-Encoding', 'Server': 'cloudflare', 'CF-RAY': '8bc70d327d214199-BOM', 'Content-Encoding': 'gzip'} 
 body={"name":"vinodput","job":"SW_Engineer","updatedAt":"2024-09-01T17:41:30.856Z"} 
 </msg>
<msg time="2024-09-01T23:11:30.881602" level="INFO">/Library/Frameworks/Python.framework/Versions/3.8/lib/python3.8/site-packages/urllib3/connectionpool.py:1103: InsecureRequestWarning: Unverified HTTPS request is being made to host 'reqres.in'. Adding certificate verification is strongly advised. See: https://urllib3.readthedocs.io/en/latest/advanced-usage.html#tls-warnings
  warnings.warn(</msg>
<msg time="2024-09-01T23:11:30.881755" level="INFO">${response} = &lt;Response [200]&gt;</msg>
<var>${response}</var>
<arg>mypost_session</arg>
<arg>${user}</arg>
<arg>data=${body}</arg>
<arg>headers=${header}</arg>
<doc>*DEPRECATED* Please use `PUT On Session` instead.</doc>
<status status="PASS" start="2024-09-01T23:11:30.503003" elapsed="0.378782"/>
</kw>
<kw name="Log To Console" owner="BuiltIn">
<arg>${response.status_code}</arg>
<doc>Logs the given message to the console.</doc>
<status status="PASS" start="2024-09-01T23:11:30.882071" elapsed="0.001028"/>
</kw>
<kw name="Log To Console" owner="BuiltIn">
<arg>${response.content}</arg>
<doc>Logs the given message to the console.</doc>
<status status="PASS" start="2024-09-01T23:11:30.883236" elapsed="0.000508"/>
</kw>
<kw name="Convert To String" owner="BuiltIn">
<msg time="2024-09-01T23:11:30.884512" level="INFO">${status_code} = 200</msg>
<var>${status_code}</var>
<arg>${response.status_code}</arg>
<doc>Converts the given item to a Unicode string.</doc>
<status status="PASS" start="2024-09-01T23:11:30.883872" elapsed="0.000666"/>
</kw>
<kw name="Should Be Equal" owner="BuiltIn">
<arg>${status_code}</arg>
<arg>200</arg>
<doc>Fails if the given objects are unequal.</doc>
<status status="PASS" start="2024-09-01T23:11:30.884669" elapsed="0.000181"/>
</kw>
<kw name="Convert To String" owner="BuiltIn">
<msg time="2024-09-01T23:11:30.885461" level="INFO">${title} = {"name":"vinodput","job":"SW_Engineer","updatedAt":"2024-09-01T17:41:30.856Z"}</msg>
<var>${title}</var>
<arg>${response.content}</arg>
<doc>Converts the given item to a Unicode string.</doc>
<status status="PASS" start="2024-09-01T23:11:30.884970" elapsed="0.000517"/>
</kw>
<kw name="Should Contain" owner="BuiltIn">
<arg>${title}</arg>
<arg>vinodput</arg>
<doc>Fails if ``container`` does not contain ``item`` one or more times.</doc>
<status status="PASS" start="2024-09-01T23:11:30.885611" elapsed="0.000154"/>
</kw>
<kw name="Should Contain" owner="BuiltIn">
<arg>${title}</arg>
<arg>SW_Engineer</arg>
<doc>Fails if ``container`` does not contain ``item`` one or more times.</doc>
<status status="PASS" start="2024-09-01T23:11:30.885878" elapsed="0.000140"/>
</kw>
<kw name="Convert String To Json" owner="JSONLibrary">
<msg time="2024-09-01T23:11:30.886643" level="INFO">${json_response} = {'name': 'vinodput', 'job': 'SW_Engineer', 'updatedAt': '2024-09-01T17:41:30.856Z'}</msg>
<var>${json_response}</var>
<arg>${response.content}</arg>
<doc>Convert String to JSON object</doc>
<status status="PASS" start="2024-09-01T23:11:30.886133" elapsed="0.000536"/>
</kw>
<kw name="Get Value From Json" owner="JSONLibrary">
<msg time="2024-09-01T23:11:30.921448" level="INFO">${contents} = ['2024-09-01T17:41:30.856Z']</msg>
<var>${contents}</var>
<arg>${json_response}</arg>
<arg>${updated_time}</arg>
<doc>Get Value From JSON using JSONPath</doc>
<status status="PASS" start="2024-09-01T23:11:30.886788" elapsed="0.034703"/>
</kw>
<kw name="Should Not Be Empty" owner="BuiltIn">
<msg time="2024-09-01T23:11:30.921874" level="INFO">Length is 1.</msg>
<arg>${contents}</arg>
<doc>Verifies that the given item is not empty.</doc>
<status status="PASS" start="2024-09-01T23:11:30.921673" elapsed="0.000255"/>
</kw>
<tag>put request demo</tag>
<status status="PASS" start="2024-09-01T23:11:30.500662" elapsed="0.421415"/>
</test>
<status status="PASS" start="2024-09-01T23:11:30.390954" elapsed="0.531619"/>
</suite>
<status status="PASS" start="2024-09-01T23:11:30.379284" elapsed="0.543892"/>
</suite>
<statistics>
<total>
<stat pass="1" fail="0" skip="0">All Tests</stat>
</total>
<tag>
<stat pass="1" fail="0" skip="0">put request demo</stat>
</tag>
<suite>
<stat pass="1" fail="0" skip="0" id="s1" name="Suites">Suites</stat>
<stat pass="1" fail="0" skip="0" id="s1-s1" name="TC04 PUT request">Suites.TC04 PUT request</stat>
</suite>
</statistics>
<errors>
<msg time="2024-09-01T23:11:30.503038" level="WARN">Keyword 'RequestsLibrary.Put Request' is deprecated. Please use `PUT On Session` instead.</msg>
</errors>
</robot>
