<?xml version="1.0" encoding="UTF-8"?>
<robot generator="Robot 7.0 (Python 3.8.1 on darwin)" generated="2024-09-06T22:40:07.634574" rpa="false" schemaversion="5">
<suite id="s1" name="Suites">
<suite id="s1-s1" name="TC01 GET request" source="/Users/vinodjoel/Documents/APIAutomation/Testcases/TC01_GET_request.robot">
<test id="s1-s1-t1" name="Get_bookstore_info" line="12">
<kw name="Create Session" owner="RequestsLibrary">
<msg time="2024-09-06T22:40:07.721738" level="INFO">Creating Session using : alias=mysession, url=https://demoqa.com, headers={},                     cookies={}, auth=None, timeout=None, proxies=None, verify=False,                     debug=0 </msg>
<arg>mysession</arg>
<arg>${base_url}</arg>
<doc>Create Session: create a HTTP session to a server</doc>
<status status="PASS" start="2024-09-06T22:40:07.721515" elapsed="0.000355"/>
</kw>
<kw name="Get Request" owner="RequestsLibrary">
<msg time="2024-09-06T22:40:07.722498" level="WARN">Keyword 'RequestsLibrary.Get Request' is deprecated. Please use `GET On Session` instead.</msg>
<msg time="2024-09-06T22:40:08.382937" level="INFO">GET Request : url=https://demoqa.com/BookStore/v1/Books 
 path_url=/BookStore/v1/Books 
 headers={'User-Agent': 'python-requests/2.32.3', 'Accept-Encoding': 'gzip, deflate', 'Accept': '*/*', 'Connection': 'keep-alive'} 
 body=None 
 </msg>
<msg time="2024-09-06T22:40:08.383138" level="INFO">GET Response : url=https://demoqa.com/BookStore/v1/Books 
 status=200, reason=OK 
 headers={'Server': 'nginx/1.17.10 (Ubuntu)', 'Date': 'Fri, 06 Sep 2024 17:10:08 GMT', 'Content-Type': 'application/json; charset=utf-8', 'Content-Length': '4514', 'Connection': 'keep-alive', 'X-Powered-By': 'Express', 'ETag': 'W/"11a2-8zfX++QwcgaCjSU6F8JP9fUd1tY"'} 
 body={"books":[{"isbn":"9781449325862","title":"Git Pocket Guide","subTitle":"A Working Introduction","author":"Richard E. Silverman","publish_date":"2020-06-04T08:48:39.000Z","publisher":"O'Reilly Media","pages":234,"description":"This pocket guide is the perfect on-the-job companion to Git, the distributed version control system. It provides a compact, readable introduction to Git for new users, as well as a reference to common commands and procedures for those of you with Git exp","website":"http://chimera.labs.oreilly.com/books/1230000000561/index.html"},{"isbn":"9781449331818","title":"Learning JavaScript Design Patterns","subTitle":"A JavaScript and jQuery Developer's Guide","author":"Addy Osmani","publish_date":"2020-06-04T09:11:40.000Z","publisher":"O'Reilly Media","pages":254,"description":"With Learning JavaScript Design Patterns, you'll learn how to write beautiful, structured, and maintainable JavaScript by applying classical and modern design patterns to the language. If you want to keep your code efficient, more manageable, and up-to-da","website":"http://www.addyosmani.com/resources/essentialjsdesignpatterns/book/"},{"isbn":"9781449337711","title":"Designing Evolvable Web APIs with ASP.NET","subTitle":"Harnessing the Power of the Web","author":"Glenn Block et al.","publish_date":"2020-06-04T09:12:43.000Z","publisher":"O'Reilly Media","pages":238,"description":"Design and build Web APIs for a broad range of clients—including browsers and mobile devices—that can adapt to change over time. This practical, hands-on guide takes you through the theory and tools you need to build evolvable HTTP services with Microsoft","website":"http://chimera.labs.oreilly.com/books/1234000001708/index.html"},{"isbn":"9781449365035","title":"Speaking JavaScript","subTitle":"An In-Depth Guide for Programmers","author":"Axel Rauschmayer","publish_date":"2014-02-01T00:00:00.000Z","publisher":"O'Reilly Media","pages":460,"description":"Like it or not, JavaScript is everywhere these days-from browser to server to mobile-and now you, too, need to learn the language or dive deeper than you have. This concise book guides you into and through JavaScript, written by a veteran programmer who o","website":"http://speakingjs.com/"},{"isbn":"9781491904244","title":"You Don't Know JS","subTitle":"ES6 &amp; Beyond","author":"Kyle Simpson","publish_date":"2015-12-27T00:00:00.000Z","publisher":"O'Reilly Media","pages":278,"description":"No matter how much experience you have with JavaScript, odds are you don’t fully understand the language. As part of the \\\"You Don’t Know JS\\\" series, this compact guide focuses on new features available in ECMAScript 6 (ES6), the latest version of the st","website":"https://github.com/getify/You-Dont-Know-JS/tree/master/es6%20&amp;%20beyond"},{"isbn":"9781491950296","title":"Programming JavaScript Applications","subTitle":"Robust Web Architecture with Node, HTML5, and Modern JS Libraries","author":"Eric Elliott","publish_date":"2014-07-01T00:00:00.000Z","publisher":"O'Reilly Media","pages":254,"description":"Take advantage of JavaScript's power to build robust web-scale or enterprise applications that are easy to extend and maintain. By applying the design patterns outlined in this practical book, experienced JavaScript developers will learn how to write flex","website":"http://chimera.labs.oreilly.com/books/1234000000262/index.html"},{"isbn":"9781593275846","title":"Eloquent JavaScript, Second Edition","subTitle":"A Modern Introduction to Programming","author":"Marijn Haverbeke","publish_date":"2014-12-14T00:00:00.000Z","publisher":"No Starch Press","pages":472,"description":"JavaScript lies at the heart of almost every modern web application, from social apps to the newest browser-based games. Though simple for beginners to pick up and play with, JavaScript is a flexible, complex language that you can use to build full-scale ","website":"http://eloquentjavascript.net/"},{"isbn":"9781593277574","title":"Understanding ECMAScript 6","subTitle":"The Definitive Guide for JavaScript Developers","author":"Nicholas C. Zakas","publish_date":"2016-09-03T00:00:00.000Z","publisher":"No Starch Press","pages":352,"description":"ECMAScript 6 represents the biggest update to the core of JavaScript in the history of the language. In Understanding ECMAScript 6, expert developer Nicholas C. Zakas provides a complete guide to the object types, syntax, and other exciting changes that E","website":"https://leanpub.com/understandinges6/read"}]} 
 </msg>
<msg time="2024-09-06T22:40:08.383499" level="INFO">/Library/Frameworks/Python.framework/Versions/3.8/lib/python3.8/site-packages/urllib3/connectionpool.py:1103: InsecureRequestWarning: Unverified HTTPS request is being made to host 'demoqa.com'. Adding certificate verification is strongly advised. See: https://urllib3.readthedocs.io/en/latest/advanced-usage.html#tls-warnings
  warnings.warn(</msg>
<msg time="2024-09-06T22:40:08.383689" level="INFO">${response} = &lt;Response [200]&gt;</msg>
<var>${response}</var>
<arg>mysession</arg>
<arg>/BookStore/v1/${books}</arg>
<doc>*DEPRECATED* Please use `GET On Session` instead.</doc>
<status status="PASS" start="2024-09-06T22:40:07.722461" elapsed="0.661271"/>
</kw>
<kw name="Convert To String" owner="BuiltIn">
<msg time="2024-09-06T22:40:08.385258" level="INFO">${status_code} = 200</msg>
<var>${status_code}</var>
<arg>${response.status_code}</arg>
<doc>Converts the given item to a Unicode string.</doc>
<status status="PASS" start="2024-09-06T22:40:08.384046" elapsed="0.001251"/>
</kw>
<kw name="Should Be Equal" owner="BuiltIn">
<arg>${status_code}</arg>
<arg>200</arg>
<doc>Fails if the given objects are unequal.</doc>
<status status="PASS" start="2024-09-06T22:40:08.385504" elapsed="0.000291"/>
</kw>
<kw name="Convert To String" owner="BuiltIn">
<msg time="2024-09-06T22:40:08.387654" level="INFO">${title} = {"books":[{"isbn":"9781449325862","title":"Git Pocket Guide","subTitle":"A Working Introduction","author":"Richard E. Silverman","publish_date":"2020-06-04T08:48:39.000Z","publisher":"O'Reilly Media",...</msg>
<var>${title}</var>
<arg>${response.content}</arg>
<doc>Converts the given item to a Unicode string.</doc>
<status status="PASS" start="2024-09-06T22:40:08.385982" elapsed="0.001715"/>
</kw>
<kw name="Should Contain" owner="BuiltIn">
<arg>${title}</arg>
<arg>Git Pocket Guide</arg>
<doc>Fails if ``container`` does not contain ``item`` one or more times.</doc>
<status status="PASS" start="2024-09-06T22:40:08.387882" elapsed="0.000241"/>
</kw>
<kw name="Get From Dictionary" owner="Collections">
<msg time="2024-09-06T22:40:08.389244" level="INFO">${contentTypeValue} = application/json; charset=utf-8</msg>
<var>${contentTypeValue}</var>
<arg>${response.headers}</arg>
<arg>Content-Type</arg>
<doc>Returns a value from the given ``dictionary`` based on the given ``key``.</doc>
<status status="PASS" start="2024-09-06T22:40:08.388518" elapsed="0.000765"/>
</kw>
<kw name="Should Be Equal" owner="BuiltIn">
<arg>${contentTypeValue}</arg>
<arg>application/json; charset=utf-8</arg>
<doc>Fails if the given objects are unequal.</doc>
<status status="PASS" start="2024-09-06T22:40:08.389463" elapsed="0.000268"/>
</kw>
<kw name="Get From Dictionary" owner="Collections">
<msg time="2024-09-06T22:40:08.390575" level="INFO">${content_Connection} = keep-alive</msg>
<var>${content_Connection}</var>
<arg>${response.headers}</arg>
<arg>Connection</arg>
<doc>Returns a value from the given ``dictionary`` based on the given ``key``.</doc>
<status status="PASS" start="2024-09-06T22:40:08.389895" elapsed="0.000716"/>
</kw>
<kw name="Should Be Equal" owner="BuiltIn">
<arg>${content_Connection}</arg>
<arg>keep-alive</arg>
<doc>Fails if the given objects are unequal.</doc>
<status status="PASS" start="2024-09-06T22:40:08.390763" elapsed="0.000221"/>
</kw>
<status status="PASS" start="2024-09-06T22:40:07.720964" elapsed="0.670182"/>
</test>
<status status="PASS" start="2024-09-06T22:40:07.650783" elapsed="0.740916"/>
</suite>
<status status="PASS" start="2024-09-06T22:40:07.639383" elapsed="0.752966"/>
</suite>
<statistics>
<total>
<stat pass="1" fail="0" skip="0">All Tests</stat>
</total>
<tag>
</tag>
<suite>
<stat pass="1" fail="0" skip="0" id="s1" name="Suites">Suites</stat>
<stat pass="1" fail="0" skip="0" id="s1-s1" name="TC01 GET request">Suites.TC01 GET request</stat>
</suite>
</statistics>
<errors>
<msg time="2024-09-06T22:40:07.722498" level="WARN">Keyword 'RequestsLibrary.Get Request' is deprecated. Please use `GET On Session` instead.</msg>
</errors>
</robot>
